Removed Pin From Net: NetName=SERVO + VOLTAGE Pin=C11-1
Removed Pin From Net: NetName=GND Pin=C11-2
Removed Pin From Net: NetName=SERVO + VOLTAGE Pin=C12-1
Removed Pin From Net: NetName=GND Pin=C12-2
Removed Pin From Net: NetName=VDD1 Pin=C13-2
Change Component DesignItemId : Designator=C11 Old DesignItemId=Cap Polar-10uF-16V New DesignItemId=CAP-X7R-.1uF-16V-±10%
Change Component DesignItemId : Designator=C12 Old DesignItemId=Cap Polar-10uF-16V New DesignItemId=CAP-X7R-.1uF-16V-±10%
Change Component Footprint: Designator=C11 Old Footprint=CAPACITOR_3MM New Footprint=C1206
Change Component Footprint: Designator=C12 Old Footprint=CAPACITOR_3MM New Footprint=CAPC2012X09M
Change Component Footprint: Designator=C13 Old Footprint=CAPC2012X09M New Footprint=C1206
Change Component Comment : Designator=C11 Old Comment=Cap Pol New Comment=Cap
Change Component Comment : Designator=C12 Old Comment=Cap Pol New Comment=Cap
Added Pin To Net: NetName=GND Pin=C11-1
Added Pin To Net: NetName=SERVO + VOLTAGE Pin=C11-2
Added Pin To Net: NetName=GND Pin=C12-1
Added Pin To Net: NetName=VDD1 Pin=C12-2
Added Pin To Net: NetName=SERVO + VOLTAGE Pin=C13-2
Added Room: Name=ili9327 LCD
Added Room: Name=MC9S12C
Added Room: Name=Project_Board
