Removed Pin From Net: NetName=GND Pin=C34-1
Removed Pin From Net: NetName=5VA Pin=C34-2
Removed Pin From Net: NetName=GND Pin=C35-1
Removed Pin From Net: NetName=5VD Pin=C35-2
Removed Pin From Net: NetName=GND Pin=C36-1
Removed Pin From Net: NetName=3.3VD Pin=C36-2
Removed Member From Class: ClassName=Project_Board Member=C34
Removed Member From Class: ClassName=Project_Board Member=C35
Removed Member From Class: ClassName=Project_Board Member=C36
Change Component Designator: OldDesignator=8 NewDesignator=U5
Change Component Designator: OldDesignator=DC Left NewDesignator=DCL1
Change Component Designator: OldDesignator=DC Right NewDesignator=DCR1
Change Component Designator: OldDesignator=SPI NewDesignator=SPI1
Added Component: Designator=C31(CAPC2012X09M)
Added Component: Designator=C32(CAPC2012X09M)
Added Component: Designator=C33(CAPC2012X09M)
Added Pin To Net: NetName=GND Pin=C31-1
Added Pin To Net: NetName=5VA Pin=C31-2
Added Pin To Net: NetName=GND Pin=C32-1
Added Pin To Net: NetName=5VD Pin=C32-2
Added Pin To Net: NetName=GND Pin=C33-1
Added Pin To Net: NetName=3.3VD Pin=C33-2
Added Member To Class: ClassName=Project_Board Member=Component C31 Cap
Added Member To Class: ClassName=Project_Board Member=Component C32 Cap
Added Member To Class: ClassName=Project_Board Member=Component C33 Cap
