Removed Pin From Net: NetName=GND Pin=ANALOG-1
Removed Pin From Net: NetName=AD7 Pin=ANALOG-2
Removed Pin From Net: NetName=AD6 Pin=ANALOG-3
Removed Pin From Net: NetName=AD5 Pin=ANALOG-4
Removed Pin From Net: NetName=AD4 Pin=ANALOG-5
Removed Pin From Net: NetName=PB7 Pin=PBHB-1
Removed Pin From Net: NetName=PB6 Pin=PBHB-2
Removed Pin From Net: NetName=PB5 Pin=PBHB-3
Removed Pin From Net: NetName=PB4 Pin=PBHB-4
Removed Pin From Net: NetName=GND Pin=PBHB-5
Removed Member From Class: ClassName=Project_Board Member=ANALOG
Removed Member From Class: ClassName=Project_Board Member=PBHB
Change Component Designator: OldDesignator=* NewDesignator=*1
Change Component Designator: OldDesignator=ACC NewDesignator=ACC1
Change Component Designator: OldDesignator=CAN NewDesignator=CAN1
Change Component Designator: OldDesignator=DAC NewDesignator=DAC1
Change Component Designator: OldDesignator=DCJack NewDesignator=DCJack1
Change Component Designator: OldDesignator=PA NewDesignator=PA1
Change Component Designator: OldDesignator=PEX NewDesignator=PEX2
Added Component: Designator=ANALOG1(HDR1X5)
Added Component: Designator=PBHB1(HDR1X5)
Added Pin To Net: NetName=GND Pin=ANALOG1-1
Added Pin To Net: NetName=AD7 Pin=ANALOG1-2
Added Pin To Net: NetName=AD6 Pin=ANALOG1-3
Added Pin To Net: NetName=AD5 Pin=ANALOG1-4
Added Pin To Net: NetName=AD4 Pin=ANALOG1-5
Added Pin To Net: NetName=PB7 Pin=PBHB1-1
Added Pin To Net: NetName=PB6 Pin=PBHB1-2
Added Pin To Net: NetName=PB5 Pin=PBHB1-3
Added Pin To Net: NetName=PB4 Pin=PBHB1-4
Added Pin To Net: NetName=GND Pin=PBHB1-5
Change Net Name : Old Net Name=Net*_5 New Net Name=Net*1_5
Change Net Name : Old Net Name=Net*_7 New Net Name=Net*1_7
Change Net Name : Old Net Name=NetACC_2 New Net Name=NetACC1_2
Change Net Name : Old Net Name=NetACC_3 New Net Name=NetACC1_3
Change Net Name : Old Net Name=NetACC_4 New Net Name=NetACC1_4
Change Net Name : Old Net Name=NetACC_5 New Net Name=NetACC1_5
Change Net Name : Old Net Name=NetCAN_1 New Net Name=NetCAN1_1
Change Net Name : Old Net Name=NetCAN_2 New Net Name=NetCAN1_2
Change Net Name : Old Net Name=NetCAN_3 New Net Name=NetCAN1_3
Change Net Name : Old Net Name=NetDAC_1 New Net Name=NetDAC1_1
Change Net Name : Old Net Name=NetDAC_2 New Net Name=NetDAC1_2
Change Net Name : Old Net Name=NetDAC_3 New Net Name=NetDAC1_3
Added Member To Class: ClassName=Project_Board Member=Component ANALOG1 Header 5
Added Member To Class: ClassName=Project_Board Member=Component PBHB1 Header 5
