Added Component: Designator=Freescale_Processor1(QUAD.65M/80/WG17.45-HCS12)
Added Pin To Net: NetName=DAC_CS Pin=Freescale_Processor1-1
Added Pin To Net: NetName=NetFreescale_Processor1_2 Pin=Freescale_Processor1-2
Added Pin To Net: NetName=NetFreescale_Processor1_3 Pin=Freescale_Processor1-3
Added Pin To Net: NetName=NetFreescale_Processor1_4 Pin=Freescale_Processor1-4
Added Pin To Net: NetName=NetFreescale_Processor1_5 Pin=Freescale_Processor1-5
Added Pin To Net: NetName=NetFreescale_Processor1_6 Pin=Freescale_Processor1-6
Added Pin To Net: NetName=NetFreescale_Processor1_7 Pin=Freescale_Processor1-7
Added Pin To Net: NetName=NetFreescale_Processor1_8 Pin=Freescale_Processor1-8
Added Pin To Net: NetName=VDD1 Pin=Freescale_Processor1-9
Added Pin To Net: NetName=GND Pin=Freescale_Processor1-10
Added Pin To Net: NetName=NetFreescale_Processor1_11 Pin=Freescale_Processor1-11
Added Pin To Net: NetName=NetFreescale_Processor1_12 Pin=Freescale_Processor1-12
Added Pin To Net: NetName=NetFreescale_Processor1_13 Pin=Freescale_Processor1-13
Added Pin To Net: NetName=NetFreescale_Processor1_14 Pin=Freescale_Processor1-14
Added Pin To Net: NetName=MODC-BK Pin=Freescale_Processor1-15
Added Pin To Net: NetName=NetFreescale_Processor1_16 Pin=Freescale_Processor1-16
Added Pin To Net: NetName=NetFreescale_Processor1_17 Pin=Freescale_Processor1-17
Added Pin To Net: NetName=NetFreescale_Processor1_18 Pin=Freescale_Processor1-18
Added Pin To Net: NetName=NetFreescale_Processor1_19 Pin=Freescale_Processor1-19
Added Pin To Net: NetName=PB4 Pin=Freescale_Processor1-20
Added Pin To Net: NetName=PB5 Pin=Freescale_Processor1-21
Added Pin To Net: NetName=PB6 Pin=Freescale_Processor1-22
Added Pin To Net: NetName=PB7 Pin=Freescale_Processor1-23
Added Pin To Net: NetName=NetFreescale_Processor1_24 Pin=Freescale_Processor1-24
Added Pin To Net: NetName=MODB Pin=Freescale_Processor1-25
Added Pin To Net: NetName=MODA Pin=Freescale_Processor1-26
Added Pin To Net: NetName=GND Pin=Freescale_Processor1-28
Added Pin To Net: NetName=5VD Pin=Freescale_Processor1-29
Added Pin To Net: NetName=RESET Pin=Freescale_Processor1-30
Added Pin To Net: NetName=VDDPLL Pin=Freescale_Processor1-31
Added Pin To Net: NetName=XFC Pin=Freescale_Processor1-32
Added Pin To Net: NetName=GND Pin=Freescale_Processor1-33
Added Pin To Net: NetName=NetC15_2 Pin=Freescale_Processor1-34
Added Pin To Net: NetName=NetFreescale_Processor1_35 Pin=Freescale_Processor1-35
Added Pin To Net: NetName=GND Pin=Freescale_Processor1-36
Added Pin To Net: NetName=IRQ Pin=Freescale_Processor1-39
Added Pin To Net: NetName=XIRQ Pin=Freescale_Processor1-40
Added Pin To Net: NetName=PA0 Pin=Freescale_Processor1-41
Added Pin To Net: NetName=PA1 Pin=Freescale_Processor1-42
Added Pin To Net: NetName=PA2 Pin=Freescale_Processor1-43
Added Pin To Net: NetName=PA3 Pin=Freescale_Processor1-44
Added Pin To Net: NetName=PA4 Pin=Freescale_Processor1-45
Added Pin To Net: NetName=PA5 Pin=Freescale_Processor1-46
Added Pin To Net: NetName=PA6 Pin=Freescale_Processor1-47
Added Pin To Net: NetName=PA7 Pin=Freescale_Processor1-48
Added Pin To Net: NetName=VDD2 Pin=Freescale_Processor1-49
Added Pin To Net: NetName=GND Pin=Freescale_Processor1-50
Added Pin To Net: NetName=AD0 Pin=Freescale_Processor1-51
Added Pin To Net: NetName=AD1 Pin=Freescale_Processor1-52
Added Pin To Net: NetName=AD2 Pin=Freescale_Processor1-53
Added Pin To Net: NetName=AD3 Pin=Freescale_Processor1-54
Added Pin To Net: NetName=AD4 Pin=Freescale_Processor1-55
Added Pin To Net: NetName=AD5 Pin=Freescale_Processor1-56
Added Pin To Net: NetName=AD6 Pin=Freescale_Processor1-57
Added Pin To Net: NetName=AD7 Pin=Freescale_Processor1-58
Added Pin To Net: NetName=VDDA Pin=Freescale_Processor1-59
Added Pin To Net: NetName=VRH Pin=Freescale_Processor1-60
Added Pin To Net: NetName=VRL Pin=Freescale_Processor1-61
Added Pin To Net: NetName=GND Pin=Freescale_Processor1-62
Added Pin To Net: NetName=RX_RS232 Pin=Freescale_Processor1-63
Added Pin To Net: NetName=TX_RS232 Pin=Freescale_Processor1-64
Added Pin To Net: NetName=SWITCH_LEFT- Pin=Freescale_Processor1-65
Added Pin To Net: NetName=SWITCH_RIGHT- Pin=Freescale_Processor1-66
Added Pin To Net: NetName=ROMCTL Pin=Freescale_Processor1-67
Added Pin To Net: NetName=PJ7 Pin=Freescale_Processor1-68
Added Pin To Net: NetName=PJ6 Pin=Freescale_Processor1-69
Added Pin To Net: NetName=SPI_SCK Pin=Freescale_Processor1-70
Added Pin To Net: NetName=SPI_MOSI Pin=Freescale_Processor1-71
Added Pin To Net: NetName=SPI_SS Pin=Freescale_Processor1-72
Added Pin To Net: NetName=SPI_MISO Pin=Freescale_Processor1-73
Added Pin To Net: NetName=NetCan_Bus1_1 Pin=Freescale_Processor1-74
Added Pin To Net: NetName=NetCan_Bus1_4 Pin=Freescale_Processor1-75
Added Pin To Net: NetName=GND Pin=Freescale_Processor1-76
Added Pin To Net: NetName=5VD Pin=Freescale_Processor1-77
Added Pin To Net: NetName=NetFreescale_Processor1_78 Pin=Freescale_Processor1-78
Added Pin To Net: NetName=NetFreescale_Processor1_79 Pin=Freescale_Processor1-79
Added Pin To Net: NetName=NetFreescale_Processor1_80 Pin=Freescale_Processor1-80
Added Member To Class: ClassName=MC9S12C Member=Component Freescale_Processor1 MC9S12C128MFUE
