Removed Pin From Net: NetName=GND Pin=C40-1
Removed Pin From Net: NetName=GND Pin=C41-1
Removed Pin From Net: NetName=GND Pin=C42-2
Removed Pin From Net: NetName=GND Pin=C43-2
Removed Pin From Net: NetName=SERVO + VOLTAGE Pin=R43-1
Removed Pin From Net: NetName=SWITCH_LEFT- Pin=R43-2
Removed Pin From Net: NetName=5VA Pin=R52-1
Removed Pin From Net: NetName=5VA Pin=R53-2
Removed Pin From Net: NetName=5VA Pin=R54-2
Removed Pin From Net: NetName=NetFreescale_Processor1_5 Pin=U4-2
Removed Pin From Net: NetName=NetFreescale_Processor1_6 Pin=U4-4
Removed Pin From Net: NetName=GND Pin=U4-7
Removed Pin From Net: NetName=5VA Pin=U4-14
Removed Member From Class: ClassName=Encoder Member=C40
Removed Member From Class: ClassName=Encoder Member=C41
Removed Member From Class: ClassName=Encoder Member=C42
Removed Member From Class: ClassName=Encoder Member=C43
Removed Member From Class: ClassName=Project_Board Member=R43
Removed Member From Class: ClassName=Encoder Member=R51
Removed Member From Class: ClassName=Encoder Member=R52
Removed Member From Class: ClassName=Encoder Member=R53
Removed Member From Class: ClassName=Encoder Member=U4
Change Component DesignItemId : Designator=R51 Old DesignItemId=Resistor_1.00K New DesignItemId=Resistor_10.0K
Change Component DesignItemId : Designator=R54 Old DesignItemId=Resistor_10.0K New DesignItemId=Resistor_1.00K
Change Component DesignItemId : Designator=R55 Old DesignItemId=Resistor_10.0K New DesignItemId=Resistor_1.00K
Change Component Designator: OldDesignator=C6 NewDesignator=C5
Change Component Designator: OldDesignator=C7 NewDesignator=C6
Change Component Designator: OldDesignator=C8 NewDesignator=C7
Change Component Designator: OldDesignator=C9 NewDesignator=C8
Change Component Designator: OldDesignator=C10 NewDesignator=C9
Change Component Designator: OldDesignator=C11 NewDesignator=C10
Change Component Designator: OldDesignator=C12 NewDesignator=C11
Change Component Designator: OldDesignator=C13 NewDesignator=C12
Change Component Designator: OldDesignator=C14 NewDesignator=C13
Change Component Designator: OldDesignator=C15 NewDesignator=C14
Change Component Designator: OldDesignator=C16 NewDesignator=C15
Change Component Designator: OldDesignator=C17 NewDesignator=C16
Change Component Designator: OldDesignator=C18 NewDesignator=C17
Change Component Designator: OldDesignator=C19 NewDesignator=C18
Change Component Designator: OldDesignator=C20 NewDesignator=C19
Change Component Designator: OldDesignator=C21 NewDesignator=C20
Change Component Designator: OldDesignator=C22 NewDesignator=C21
Change Component Designator: OldDesignator=C23 NewDesignator=C22
Change Component Designator: OldDesignator=C24 NewDesignator=C23
Change Component Designator: OldDesignator=C25 NewDesignator=C24
Change Component Designator: OldDesignator=C26 NewDesignator=C25
Change Component Designator: OldDesignator=C27 NewDesignator=C26
Change Component Designator: OldDesignator=C28 NewDesignator=C27
Change Component Designator: OldDesignator=C29 NewDesignator=C28
Change Component Designator: OldDesignator=C30 NewDesignator=C29
Change Component Designator: OldDesignator=C31 NewDesignator=C30
Change Component Designator: OldDesignator=C32 NewDesignator=C31
Change Component Designator: OldDesignator=C33 NewDesignator=C32
Change Component Designator: OldDesignator=C34 NewDesignator=C33
Change Component Designator: OldDesignator=C35 NewDesignator=C34
Change Component Designator: OldDesignator=C36 NewDesignator=C35
Change Component Designator: OldDesignator=C37 NewDesignator=C36
Change Component Designator: OldDesignator=C38 NewDesignator=C37
Change Component Designator: OldDesignator=C39 NewDesignator=C38
Change Component Designator: OldDesignator=C44 NewDesignator=C39
Change Component Designator: OldDesignator=C45 NewDesignator=C40
Change Component Designator: OldDesignator=C46_A NewDesignator=C41_A
Change Component Designator: OldDesignator=C46_D NewDesignator=C41_D
Change Component Designator: OldDesignator=C47_A NewDesignator=C42_A
Change Component Designator: OldDesignator=C47_D NewDesignator=C42_D
Change Component Designator: OldDesignator=C48_A NewDesignator=C43_A
Change Component Designator: OldDesignator=C48_D NewDesignator=C43_D
Change Component Designator: OldDesignator=C49_A NewDesignator=C44_A
Change Component Designator: OldDesignator=C49_D NewDesignator=C44_D
Change Component Designator: OldDesignator=R15 NewDesignator=R13
Change Component Designator: OldDesignator=R16 NewDesignator=R14
Change Component Designator: OldDesignator=R17 NewDesignator=R15
Change Component Designator: OldDesignator=R18 NewDesignator=R16
Change Component Designator: OldDesignator=R19 NewDesignator=R17
Change Component Designator: OldDesignator=R20 NewDesignator=R18
Change Component Designator: OldDesignator=R21 NewDesignator=R19
Change Component Designator: OldDesignator=R22 NewDesignator=R20
Change Component Designator: OldDesignator=R23 NewDesignator=R21
Change Component Designator: OldDesignator=R24 NewDesignator=R22
Change Component Designator: OldDesignator=R25 NewDesignator=R23
Change Component Designator: OldDesignator=R26 NewDesignator=R24
Change Component Designator: OldDesignator=R27 NewDesignator=R25
Change Component Designator: OldDesignator=R28 NewDesignator=R26
Change Component Designator: OldDesignator=R29 NewDesignator=R27
Change Component Designator: OldDesignator=R30 NewDesignator=R28
Change Component Designator: OldDesignator=R31 NewDesignator=R29
Change Component Designator: OldDesignator=R32 NewDesignator=R30
Change Component Designator: OldDesignator=R33 NewDesignator=R31
Change Component Designator: OldDesignator=R34 NewDesignator=R32
Change Component Designator: OldDesignator=R35 NewDesignator=R33
Change Component Designator: OldDesignator=R36 NewDesignator=R34
Change Component Designator: OldDesignator=R37 NewDesignator=R35
Change Component Designator: OldDesignator=R38 NewDesignator=R36
Change Component Designator: OldDesignator=R39 NewDesignator=R37
Change Component Designator: OldDesignator=R40 NewDesignator=R38
Change Component Designator: OldDesignator=R41 NewDesignator=R39
Change Component Designator: OldDesignator=R42 NewDesignator=R40
Change Component Designator: OldDesignator=R44 NewDesignator=R42
Change Component Designator: OldDesignator=R45 NewDesignator=R43
Change Component Designator: OldDesignator=R46 NewDesignator=R44
Change Component Designator: OldDesignator=R47 NewDesignator=R45
Change Component Designator: OldDesignator=R48 NewDesignator=R46
Change Component Designator: OldDesignator=R49 NewDesignator=R47
Change Component Designator: OldDesignator=R50 NewDesignator=R48
Change Component Designator: OldDesignator=R51 NewDesignator=R49
Change Component Designator: OldDesignator=R56 NewDesignator=R50
Change Component Designator: OldDesignator=R57_A NewDesignator=R51_A
Change Component Designator: OldDesignator=R57_D NewDesignator=R51_D
Change Component Designator: OldDesignator=R58_A NewDesignator=R52_A
Change Component Designator: OldDesignator=R58_D NewDesignator=R52_D
Change Component Designator: OldDesignator=R59_A NewDesignator=R53_A
Change Component Designator: OldDesignator=R59_D NewDesignator=R53_D
Change Component Designator: OldDesignator=U5 NewDesignator=U4
Change Component Designator: OldDesignator=U? NewDesignator=U3
Change Component Description : Designator=R49 Old Description=RES SMD 1.00K OHM 1% 1/8W 0805 New Description=RES SMD 10.0K OHM 1% 1/8W 0805
Change Component Description : Designator=R54 Old Description=RES SMD 10.0K OHM 1% 1/8W 0805 New Description=RES SMD 1.00K OHM 1% 1/8W 0805
Change Component Description : Designator=R55 Old Description=RES SMD 10.0K OHM 1% 1/8W 0805 New Description=RES SMD 1.00K OHM 1% 1/8W 0805
Change Component Library : Designator=R49 Old Library=esd_library (1).IntLib New Library=esd_library.IntLib
Change Component Library : Designator=R54 Old Library=esd_library.IntLib New Library=esd_library (1).IntLib
Change Component Library : Designator=R55 Old Library=esd_library.IntLib New Library=esd_library (1).IntLib
Added Component: Designator=C45(CAPC2012X09M)
Added Component: Designator=C46(CAPC2012X09M)
Added Component: Designator=C47(CAPC2012X09M)
Added Component: Designator=C48(CAPC2012X09M)
Added Component: Designator=R41(RESC2112X05M)
Added Component: Designator=R56(RESC2112X05M)
Added Component: Designator=R57(RESC2112X05M)
Added Component: Designator=U5(SOIC127P600X175-14M)
Added Pin To Net: NetName=GND Pin=C45-1
Added Pin To Net: NetName=GND Pin=C46-1
Added Pin To Net: NetName=GND Pin=C47-2
Added Pin To Net: NetName=GND Pin=C48-2
Added Pin To Net: NetName=SERVO + VOLTAGE Pin=R41-1
Added Pin To Net: NetName=SWITCH_LEFT- Pin=R41-2
Added Pin To Net: NetName=5VA Pin=R54-1
Added Pin To Net: NetName=5VA Pin=R55-1
Added Pin To Net: NetName=5VA Pin=R56-2
Added Pin To Net: NetName=5VA Pin=R57-2
Added Pin To Net: NetName=NetFreescale_Processor1_5 Pin=U5-2
Added Pin To Net: NetName=NetFreescale_Processor1_6 Pin=U5-4
Added Pin To Net: NetName=GND Pin=U5-7
Added Pin To Net: NetName=5VA Pin=U5-14
Change Net Name : Old Net Name=NetC6_2 New Net Name=NetC5_2
Change Net Name : Old Net Name=NetC7_2 New Net Name=NetC6_2
Change Net Name : Old Net Name=NetC8_2 New Net Name=NetC7_2
Change Net Name : Old Net Name=NetC16_2 New Net Name=NetC15_2
Change Net Name : Old Net Name=NetC23_2 New Net Name=NetC22_2
Change Net Name : Old Net Name=NetC28_1 New Net Name=NetC27_1
Change Net Name : Old Net Name=NetC28_2 New Net Name=NetC27_2
Change Net Name : Old Net Name=NetC29_1 New Net Name=NetC28_1
Change Net Name : Old Net Name=NetC30_1 New Net Name=NetC29_1
Change Net Name : Old Net Name=NetC30_2 New Net Name=NetC29_2
Change Net Name : Old Net Name=NetC31_2 New Net Name=NetC30_2
Change Net Name : Old Net Name=NetC34_1 New Net Name=NetC33_1
Change Net Name : Old Net Name=NetC37_1 New Net Name=NetC36_1
Change Net Name : Old Net Name=NetC37_2 New Net Name=NetC36_2
Change Net Name : Old Net Name=NetC38_2 New Net Name=NetC37_2
Change Net Name : Old Net Name=NetC39_2 New Net Name=NetC38_2
Change Net Name : Old Net Name=NetC48_A_1 New Net Name=NetC43_A_1
Change Net Name : Old Net Name=NetC48_A_2 New Net Name=NetC43_A_2
Change Net Name : Old Net Name=NetC48_D_1 New Net Name=NetC43_D_1
Change Net Name : Old Net Name=NetC48_D_2 New Net Name=NetC43_D_2
Change Net Name : Old Net Name=NetR37_2 New Net Name=NetR35_2
Change Net Name : Old Net Name=NetR40_1 New Net Name=NetR38_1
Change Net Name : Old Net Name=NetR56_2 New Net Name=NetR50_2
Change Net Name : Old Net Name=NetR57_A_1 New Net Name=NetR51_A_1
Change Net Name : Old Net Name=NetR57_D_1 New Net Name=NetR51_D_1
Change Net Name : Old Net Name=NetR59_D_2 New Net Name=NetR53_D_2
Added Pin To Net: NetName=NetC45_2 Pin=C45-2
Added Pin To Net: NetName=NetC45_2 Pin=ENC_L1-1
Added Pin To Net: NetName=NetC45_2 Pin=R54-2
Added Net: Name=NetC45_2
Added Pin To Net: NetName=NetC46_2 Pin=C46-2
Added Pin To Net: NetName=NetC46_2 Pin=ENC_R1-1
Added Pin To Net: NetName=NetC46_2 Pin=R55-2
Added Net: Name=NetC46_2
Added Pin To Net: NetName=NetC47_1 Pin=C47-1
Added Pin To Net: NetName=NetC47_1 Pin=ENC_L1-4
Added Pin To Net: NetName=NetC47_1 Pin=R56-1
Added Pin To Net: NetName=NetC47_1 Pin=U5-1
Added Net: Name=NetC47_1
Added Pin To Net: NetName=NetC48_1 Pin=C48-1
Added Pin To Net: NetName=NetC48_1 Pin=ENC_R1-4
Added Pin To Net: NetName=NetC48_1 Pin=R57-1
Added Pin To Net: NetName=NetC48_1 Pin=U5-3
Added Net: Name=NetC48_1
Added Member To Class: ClassName=Encoder Member=Component C45 Cap
Added Member To Class: ClassName=Encoder Member=Component C46 C1
Added Member To Class: ClassName=Encoder Member=Component C47 Cap
Added Member To Class: ClassName=Encoder Member=Component C48 Cap
Added Member To Class: ClassName=Project_Board Member=Component R41 Res3
Added Member To Class: ClassName=RC_PWM Member=Component R49 Res3
Added Member To Class: ClassName=Encoder Member=Component R55 Res3
Added Member To Class: ClassName=Encoder Member=Component R56 Res3
Added Member To Class: ClassName=Encoder Member=Component R57 Res3
Added Member To Class: ClassName=Encoder Member=Component U5 74ACT14_3
