Removed Pin From Net: NetName=GND Pin=ACC1-1
Removed Pin From Net: NetName=GND Pin=CanBus1-4
Removed Pin From Net: NetName=PA0 Pin=PA1-1
Removed Pin From Net: NetName=PA1 Pin=PA1-2
Removed Pin From Net: NetName=PA2 Pin=PA1-3
Removed Pin From Net: NetName=PA3 Pin=PA1-4
Removed Pin From Net: NetName=PA4 Pin=PA1-5
Removed Pin From Net: NetName=PA5 Pin=PA1-6
Removed Pin From Net: NetName=PA6 Pin=PA1-7
Removed Pin From Net: NetName=PA7 Pin=PA1-8
Removed Pin From Net: NetName=GND Pin=PA1-9
Removed Member From Class: ClassName=Project_Board Member=ACC1
Removed Member From Class: ClassName=Project_Board Member=CanBus1
Removed Member From Class: ClassName=Project_Board Member=PA1
Added Component: Designator=ACC(HDR1X5)
Added Component: Designator=CAN(HDR1X4)
Added Component: Designator=DAC(HDR1X4)
Added Component: Designator=PA(HDR1X9)
Added Pin To Net: NetName=GND Pin=ACC-1
Added Pin To Net: NetName=GND Pin=CAN-4
Added Pin To Net: NetName=GND Pin=DAC-1
Added Pin To Net: NetName=PA0 Pin=PA-1
Added Pin To Net: NetName=PA1 Pin=PA-2
Added Pin To Net: NetName=PA2 Pin=PA-3
Added Pin To Net: NetName=PA3 Pin=PA-4
Added Pin To Net: NetName=PA4 Pin=PA-5
Added Pin To Net: NetName=PA5 Pin=PA-6
Added Pin To Net: NetName=PA6 Pin=PA-7
Added Pin To Net: NetName=PA7 Pin=PA-8
Added Pin To Net: NetName=GND Pin=PA-9
Added Pin To Net: NetName=NetACC_2 Pin=ACC-2
Added Pin To Net: NetName=NetACC_2 Pin=C3-1
Added Pin To Net: NetName=NetACC_2 Pin=U1-9
Added Net: Name=NetACC_2
Added Pin To Net: NetName=NetACC_3 Pin=ACC-3
Added Pin To Net: NetName=NetACC_3 Pin=C2-1
Added Pin To Net: NetName=NetACC_3 Pin=U1-8
Added Net: Name=NetACC_3
Added Pin To Net: NetName=NetACC_4 Pin=ACC-4
Added Pin To Net: NetName=NetACC_4 Pin=C1-1
Added Pin To Net: NetName=NetACC_4 Pin=U1-7
Added Net: Name=NetACC_4
Added Pin To Net: NetName=NetACC_5 Pin=ACC-5
Added Pin To Net: NetName=NetACC_5 Pin=R7-1
Added Net: Name=NetACC_5
Added Pin To Net: NetName=NetCAN_1 Pin=CAN-1
Added Pin To Net: NetName=NetCAN_1 Pin=Can_Bus1-6
Added Pin To Net: NetName=NetCAN_1 Pin=R16-2
Added Net: Name=NetCAN_1
Added Pin To Net: NetName=NetCAN_2 Pin=CAN-2
Added Pin To Net: NetName=NetCAN_2 Pin=Can_Bus1-7
Added Pin To Net: NetName=NetCAN_2 Pin=R17-2
Added Net: Name=NetCAN_2
Added Pin To Net: NetName=NetCAN_3 Pin=CAN-3
Added Pin To Net: NetName=NetCAN_3 Pin=Can_Bus1-5
Added Net: Name=NetCAN_3
Added Pin To Net: NetName=NetDAC_2 Pin=DAC-2
Added Pin To Net: NetName=NetDAC_2 Pin=MAX1-4
Added Net: Name=NetDAC_2
Added Pin To Net: NetName=NetDAC_3 Pin=DAC-3
Added Pin To Net: NetName=NetDAC_3 Pin=MAX1-5
Added Net: Name=NetDAC_3
Added Pin To Net: NetName=NetDAC_4 Pin=DAC-4
Added Pin To Net: NetName=NetDAC_4 Pin=MAX1-8
Added Net: Name=NetDAC_4
Added Member To Class: ClassName=Project_Board Member=Component ACC Header 5
Added Member To Class: ClassName=Project_Board Member=Component CAN Header 4
Added Member To Class: ClassName=Project_Board Member=Component DAC Header 4
Added Member To Class: ClassName=Project_Board Member=Component PA Header 9
