Removed Pin From Net: NetName=VIN Pin=C32-1
Removed Pin From Net: NetName=GND Pin=C32-2
Removed Pin From Net: NetName=GND Pin=C33-2
Change Component DesignItemId : Designator=C33 Old DesignItemId=CAP-X7R-5600pF-50V-±10% New DesignItemId=CAP-X7R-.1uF-50V-±20%
Change Component Designator: OldDesignator=C34 NewDesignator=C37
Change Component Designator: OldDesignator=C35 NewDesignator=C38
Change Component Designator: OldDesignator=C36 NewDesignator=C39
Change Component Designator: OldDesignator=C37 NewDesignator=C40
Change Component Designator: OldDesignator=C38 NewDesignator=C41
Change Component Designator: OldDesignator=C39 NewDesignator=C42
Change Component Designator: OldDesignator=C40 NewDesignator=C43
Change Component Designator: OldDesignator=C41_A NewDesignator=C44_A
Change Component Designator: OldDesignator=C41_D NewDesignator=C44_D
Change Component Designator: OldDesignator=C42_A NewDesignator=C45_A
Change Component Designator: OldDesignator=C42_D NewDesignator=C45_D
Change Component Designator: OldDesignator=C43_A NewDesignator=C46_A
Change Component Designator: OldDesignator=C43_D NewDesignator=C46_D
Change Component Designator: OldDesignator=C44_A NewDesignator=C47_A
Change Component Designator: OldDesignator=C44_D NewDesignator=C47_D
Change Component Designator: OldDesignator=C45 NewDesignator=C48
Change Component Designator: OldDesignator=C46 NewDesignator=C49
Change Component Designator: OldDesignator=C47 NewDesignator=C50
Change Component Designator: OldDesignator=C48 NewDesignator=C51
Change Component Designator: OldDesignator=CFil_1 NewDesignator=CFil_2
Change Component Designator: OldDesignator=CFil_2 NewDesignator=CFil_1
Change Component Designator: OldDesignator=D9 NewDesignator=D2
Change Component Designator: OldDesignator=D10 NewDesignator=D3
Change Component Designator: OldDesignator=PEX2 NewDesignator=PEX1
Change Component Designator: OldDesignator=R37 NewDesignator=R38
Change Component Designator: OldDesignator=R38 NewDesignator=R37
Change Component Designator: OldDesignator=V3.3 NewDesignator=V1
Change Component Designator: OldDesignator=VA NewDesignator=VA1
Change Component Designator: OldDesignator=VD NewDesignator=VD1
Change Component Description : Designator=C33 Old Description=CAP CER 5600pF 50v X7R 0805 New Description=CAP CER .1uF 50v X7R 0805
Added Component: Designator=C34(CAPC2012X09M)
Added Component: Designator=C35(CAPC2012X09M)
Added Component: Designator=C36(CAPC2012X09M)
Added Pin To Net: NetName=GND Pin=C32-1
Added Pin To Net: NetName=5VD Pin=C32-2
Added Pin To Net: NetName=5VD Pin=C33-1
Added Pin To Net: NetName=3.3VD Pin=C33-2
Added Pin To Net: NetName=GND Pin=C31-1
Added Pin To Net: NetName=5VA Pin=C31-2
Added Pin To Net: NetName=VIN Pin=C32-1
Added Pin To Net: NetName=GND Pin=C32-2
Added Pin To Net: NetName=GND Pin=C33-2
Change Net Name : Old Net Name=NetC36_1 New Net Name=NetC39_1
Change Net Name : Old Net Name=NetC36_2 New Net Name=NetC39_2
Change Net Name : Old Net Name=NetC37_2 New Net Name=NetC40_2
Change Net Name : Old Net Name=NetC38_2 New Net Name=NetC41_2
Change Net Name : Old Net Name=NetC43_A_1 New Net Name=NetC46_A_1
Change Net Name : Old Net Name=NetC43_A_2 New Net Name=NetC46_A_2
Change Net Name : Old Net Name=NetC43_D_1 New Net Name=NetC46_D_1
Change Net Name : Old Net Name=NetC43_D_2 New Net Name=NetC46_D_2
Change Net Name : Old Net Name=NetC45_2 New Net Name=NetC48_2
Change Net Name : Old Net Name=NetC46_2 New Net Name=NetC49_2
Change Net Name : Old Net Name=NetC47_1 New Net Name=NetC50_1
Change Net Name : Old Net Name=NetC48_1 New Net Name=NetC51_1
Change Net Name : Old Net Name=NetD9_1 New Net Name=NetD2_1
Change Net Name : Old Net Name=NetD9_2 New Net Name=NetD2_2
Change Net Name : Old Net Name=NetD10_1 New Net Name=NetD3_1
Change Net Name : Old Net Name=NetD10_2 New Net Name=NetD3_2
Change Net Name : Old Net Name=NetR38_1 New Net Name=NetR37_1
Added Pin To Net: NetName=NetC36_1 Pin=C33-1
Added Pin To Net: NetName=NetC36_1 Pin=R47-1
Added Pin To Net: NetName=NetC36_1 Pin=U3-5
Added Net: Name=NetC36_1
Added Member To Class: ClassName=Project_Board Member=Component C31 Cap
Added Member To Class: ClassName=Project_Board Member=Component C32 Cap
Added Member To Class: ClassName=Project_Board Member=Component C33 Cap
