Added Pin To Net: NetName=3.3VD Pin=AR_PW1-2
Added Pin To Net: NetName=3.3VD Pin=C33-2
Added Pin To Net: NetName=3.3VD Pin=C42-1
Added Pin To Net: NetName=3.3VD Pin=CFil_1-1
Added Pin To Net: NetName=3.3VD Pin=CFil_2-1
Added Pin To Net: NetName=3.3VD Pin=U1-2
Added Pin To Net: NetName=3.3VD Pin=U1-13
Added Pin To Net: NetName=3.3VD Pin=U1-14
Added Pin To Net: NetName=3.3VD Pin=U4-2
Added Pin To Net: NetName=3.3VD Pin=U4-4
Added Pin To Net: NetName=3.3VD Pin=V1-2
Added Net: Name=3.3VD
Added Pin To Net: NetName=5VA Pin=AR_PW1-1
Added Pin To Net: NetName=5VA Pin=C31-2
Added Pin To Net: NetName=5VA Pin=C34-2
Added Pin To Net: NetName=5VA Pin=C47_A-2
Added Pin To Net: NetName=5VA Pin=CameraCon1-5
Added Pin To Net: NetName=5VA Pin=L2_A-2
Added Pin To Net: NetName=5VA Pin=R40-1
Added Pin To Net: NetName=5VA Pin=R41-1
Added Pin To Net: NetName=5VA Pin=R52_A-2
Added Pin To Net: NetName=5VA Pin=R54-1
Added Pin To Net: NetName=5VA Pin=R55-1
Added Pin To Net: NetName=5VA Pin=R56-2
Added Pin To Net: NetName=5VA Pin=R57-2
Added Pin To Net: NetName=5VA Pin=RC_T1-3
Added Pin To Net: NetName=5VA Pin=RC_T2-3
Added Pin To Net: NetName=5VA Pin=SM_H1-20
Added Pin To Net: NetName=5VA Pin=U5-14
Added Pin To Net: NetName=5VA Pin=VD1-2
Added Net: Name=5VA
Added Pin To Net: NetName=5VD Pin=AR_DIG1-1
Added Pin To Net: NetName=5VD Pin=AR_PW1-3
Added Pin To Net: NetName=5VD Pin=BDM_PORT1-6
Added Pin To Net: NetName=5VD Pin=C4-2
Added Pin To Net: NetName=5VD Pin=C12-2
Added Pin To Net: NetName=5VD Pin=C14-2
Added Pin To Net: NetName=5VD Pin=C17-2
Added Pin To Net: NetName=5VD Pin=C18-2
Added Pin To Net: NetName=5VD Pin=C19-2
Added Pin To Net: NetName=5VD Pin=C20-2
Added Pin To Net: NetName=5VD Pin=C21-2
Added Pin To Net: NetName=5VD Pin=C22-2
Added Pin To Net: NetName=5VD Pin=C26-1
Added Pin To Net: NetName=5VD Pin=C32-2
Added Pin To Net: NetName=5VD Pin=C43-1
Added Pin To Net: NetName=5VD Pin=C47_D-2
Added Pin To Net: NetName=5VD Pin=Can_Bus1-3
Added Pin To Net: NetName=5VD Pin=DS1-2
Added Pin To Net: NetName=5VD Pin=Freescale_Processor1-29
Added Pin To Net: NetName=5VD Pin=Freescale_Processor1-77
Added Pin To Net: NetName=5VD Pin=IC1-1
Added Pin To Net: NetName=5VD Pin=L1-1
Added Pin To Net: NetName=5VD Pin=L2_D-2
Added Pin To Net: NetName=5VD Pin=MAX1-6
Added Pin To Net: NetName=5VD Pin=MAX2-16
Added Pin To Net: NetName=5VD Pin=P1-2
Added Pin To Net: NetName=5VD Pin=PEX1-2
Added Pin To Net: NetName=5VD Pin=R13-2
Added Pin To Net: NetName=5VD Pin=R14-2
Added Pin To Net: NetName=5VD Pin=R18-2
Added Pin To Net: NetName=5VD Pin=R20-2
Added Pin To Net: NetName=5VD Pin=R22-2
Added Pin To Net: NetName=5VD Pin=R24-2
Added Pin To Net: NetName=5VD Pin=R27-2
Added Pin To Net: NetName=5VD Pin=R28-2
Added Pin To Net: NetName=5VD Pin=R29-1
Added Pin To Net: NetName=5VD Pin=R30-1
Added Pin To Net: NetName=5VD Pin=R31-2
Added Pin To Net: NetName=5VD Pin=R34-1
Added Pin To Net: NetName=5VD Pin=R39-2
Added Pin To Net: NetName=5VD Pin=R52_D-2
Added Pin To Net: NetName=5VD Pin=R58-2
Added Pin To Net: NetName=5VD Pin=R59-2
Added Pin To Net: NetName=5VD Pin=SPI1-2
Added Pin To Net: NetName=5VD Pin=U2-4
Added Pin To Net: NetName=5VD Pin=U4-3
Added Pin To Net: NetName=5VD Pin=VA1-2
Added Net: Name=5VD
Added Pin To Net: NetName=AD0 Pin=AR_AD1-1
Added Pin To Net: NetName=AD0 Pin=Freescale_Processor1-51
Added Net: Name=AD0
Added Pin To Net: NetName=AD1 Pin=AR_AD1-2
Added Pin To Net: NetName=AD1 Pin=Freescale_Processor1-52
Added Net: Name=AD1
Added Pin To Net: NetName=AD2 Pin=AR_AD1-3
Added Pin To Net: NetName=AD2 Pin=Freescale_Processor1-53
Added Net: Name=AD2
Added Pin To Net: NetName=AD3 Pin=AR_AD1-4
Added Pin To Net: NetName=AD3 Pin=Freescale_Processor1-54
Added Net: Name=AD3
Added Pin To Net: NetName=AD4 Pin=ANALOG1-5
Added Pin To Net: NetName=AD4 Pin=AR_AD1-5
Added Pin To Net: NetName=AD4 Pin=Freescale_Processor1-55
Added Net: Name=AD4
Added Pin To Net: NetName=AD5 Pin=ANALOG1-4
Added Pin To Net: NetName=AD5 Pin=AR_AD1-6
Added Pin To Net: NetName=AD5 Pin=Freescale_Processor1-56
Added Pin To Net: NetName=AD5 Pin=R9-1
Added Pin To Net: NetName=AD5 Pin=U2-7
Added Net: Name=AD5
Added Pin To Net: NetName=AD6 Pin=ANALOG1-3
Added Pin To Net: NetName=AD6 Pin=Freescale_Processor1-57
Added Net: Name=AD6
Added Pin To Net: NetName=AD7 Pin=ANALOG1-2
Added Pin To Net: NetName=AD7 Pin=Freescale_Processor1-58
Added Net: Name=AD7
Added Pin To Net: NetName=CTS Pin=MAX2-7
Added Pin To Net: NetName=CTS Pin=R36-3
Added Pin To Net: NetName=CTS Pin=RS1-8
Added Net: Name=CTS
Added Pin To Net: NetName=DAC_CS Pin=Freescale_Processor1-1
Added Pin To Net: NetName=DAC_CS Pin=MAX1-1
Added Pin To Net: NetName=DAC_CS Pin=R18-1
Added Net: Name=DAC_CS
Added Pin To Net: NetName=GND Pin=*3-2
Added Pin To Net: NetName=GND Pin=*3-3
Added Pin To Net: NetName=GND Pin=ACC1-1
Added Pin To Net: NetName=GND Pin=ANALOG1-1
Added Pin To Net: NetName=GND Pin=AR_DIG1-2
Added Pin To Net: NetName=GND Pin=AR_PW1-4
Added Pin To Net: NetName=GND Pin=AR_PW1-5
Added Pin To Net: NetName=GND Pin=AR_PW1-6
Added Pin To Net: NetName=GND Pin=BDM_PORT1-2
Added Pin To Net: NetName=GND Pin=C1-2
Added Pin To Net: NetName=GND Pin=C2-2
Added Pin To Net: NetName=GND Pin=C3-2
Added Pin To Net: NetName=GND Pin=C4-1
Added Pin To Net: NetName=GND Pin=C5-1
Added Pin To Net: NetName=GND Pin=C6-1
Added Pin To Net: NetName=GND Pin=C9-1
Added Pin To Net: NetName=GND Pin=C10-1
Added Pin To Net: NetName=GND Pin=C11-1
Added Pin To Net: NetName=GND Pin=C12-1
Added Pin To Net: NetName=GND Pin=C13-1
Added Pin To Net: NetName=GND Pin=C14-1
Added Pin To Net: NetName=GND Pin=C15-1
Added Pin To Net: NetName=GND Pin=C16-1
Added Pin To Net: NetName=GND Pin=C17-1
Added Pin To Net: NetName=GND Pin=C18-1
Added Pin To Net: NetName=GND Pin=C19-1
Added Pin To Net: NetName=GND Pin=C20-1
Added Pin To Net: NetName=GND Pin=C21-1
Added Pin To Net: NetName=GND Pin=C22-1
Added Pin To Net: NetName=GND Pin=C24-1
Added Pin To Net: NetName=GND Pin=C25-2
Added Pin To Net: NetName=GND Pin=C26-2
Added Pin To Net: NetName=GND Pin=C28-2
Added Pin To Net: NetName=GND Pin=C30-1
Added Pin To Net: NetName=GND Pin=C31-1
Added Pin To Net: NetName=GND Pin=C32-1
Added Pin To Net: NetName=GND Pin=C33-1
Added Pin To Net: NetName=GND Pin=C34-1
Added Pin To Net: NetName=GND Pin=C35-2
Added Pin To Net: NetName=GND Pin=C36-2
Added Pin To Net: NetName=GND Pin=C37-2
Added Pin To Net: NetName=GND Pin=C38-1
Added Pin To Net: NetName=GND Pin=C40-1
Added Pin To Net: NetName=GND Pin=C42-2
Added Pin To Net: NetName=GND Pin=C43-2
Added Pin To Net: NetName=GND Pin=C44_A-2
Added Pin To Net: NetName=GND Pin=C44_D-2
Added Pin To Net: NetName=GND Pin=C45_A-2
Added Pin To Net: NetName=GND Pin=C45_D-2
Added Pin To Net: NetName=GND Pin=C47_A-1
Added Pin To Net: NetName=GND Pin=C47_D-1
Added Pin To Net: NetName=GND Pin=C48-1
Added Pin To Net: NetName=GND Pin=C49-1
Added Pin To Net: NetName=GND Pin=C50-2
Added Pin To Net: NetName=GND Pin=C51-2
Added Pin To Net: NetName=GND Pin=CameraCon1-2
Added Pin To Net: NetName=GND Pin=CameraCon1-6
Added Pin To Net: NetName=GND Pin=CameraCon1-7
Added Pin To Net: NetName=GND Pin=CameraCon1-16
Added Pin To Net: NetName=GND Pin=CAN1-4
Added Pin To Net: NetName=GND Pin=Can_Bus1-2
Added Pin To Net: NetName=GND Pin=CFil_1-2
Added Pin To Net: NetName=GND Pin=CFil_2-2
Added Pin To Net: NetName=GND Pin=D6_A-2
Added Pin To Net: NetName=GND Pin=D6_D-2
Added Pin To Net: NetName=GND Pin=DAC1-4
Added Pin To Net: NetName=GND Pin=DS1-3
Added Pin To Net: NetName=GND Pin=ECX-1-2
Added Pin To Net: NetName=GND Pin=ECX-1-4
Added Pin To Net: NetName=GND Pin=ENC_L1-3
Added Pin To Net: NetName=GND Pin=ENC_R1-3
Added Pin To Net: NetName=GND Pin=Freescale_Processor1-10
Added Pin To Net: NetName=GND Pin=Freescale_Processor1-28
Added Pin To Net: NetName=GND Pin=Freescale_Processor1-33
Added Pin To Net: NetName=GND Pin=Freescale_Processor1-36
Added Pin To Net: NetName=GND Pin=Freescale_Processor1-50
Added Pin To Net: NetName=GND Pin=Freescale_Processor1-62
Added Pin To Net: NetName=GND Pin=Freescale_Processor1-76
Added Pin To Net: NetName=GND Pin=IC1-18
Added Pin To Net: NetName=GND Pin=MAX1-7
Added Pin To Net: NetName=GND Pin=MAX2-15
Added Pin To Net: NetName=GND Pin=NO_AUTO1-1
Added Pin To Net: NetName=GND Pin=PA1-9
Added Pin To Net: NetName=GND Pin=PBHB1-5
Added Pin To Net: NetName=GND Pin=PEX1-1
Added Pin To Net: NetName=GND Pin=R1-1
Added Pin To Net: NetName=GND Pin=R2-1
Added Pin To Net: NetName=GND Pin=R6-2
Added Pin To Net: NetName=GND Pin=R10-2
Added Pin To Net: NetName=GND Pin=R11-2
Added Pin To Net: NetName=GND Pin=R15-1
Added Pin To Net: NetName=GND Pin=R21-2
Added Pin To Net: NetName=GND Pin=R26-1
Added Pin To Net: NetName=GND Pin=R32-1
Added Pin To Net: NetName=GND Pin=R33-1
Added Pin To Net: NetName=GND Pin=R38-1
Added Pin To Net: NetName=GND Pin=R42-1
Added Pin To Net: NetName=GND Pin=R43-1
Added Pin To Net: NetName=GND Pin=R44-1
Added Pin To Net: NetName=GND Pin=R45-1
Added Pin To Net: NetName=GND Pin=R46-2
Added Pin To Net: NetName=GND Pin=R49-1
Added Pin To Net: NetName=GND Pin=R50-1
Added Pin To Net: NetName=GND Pin=R51_A-2
Added Pin To Net: NetName=GND Pin=R51_D-2
Added Pin To Net: NetName=GND Pin=R53_A-1
Added Pin To Net: NetName=GND Pin=R53_D-1
Added Pin To Net: NetName=GND Pin=Reset1-1
Added Pin To Net: NetName=GND Pin=Reset1-2
Added Pin To Net: NetName=GND Pin=ROMCTL1-2
Added Pin To Net: NetName=GND Pin=RS1-5
Added Pin To Net: NetName=GND Pin=SM_H1-4
Added Pin To Net: NetName=GND Pin=SM_H1-5
Added Pin To Net: NetName=GND Pin=SM_H1-6
Added Pin To Net: NetName=GND Pin=SM_H1-7
Added Pin To Net: NetName=GND Pin=SM_H1-14
Added Pin To Net: NetName=GND Pin=SM_H1-15
Added Pin To Net: NetName=GND Pin=SM_H1-16
Added Pin To Net: NetName=GND Pin=SM_H1-17
Added Pin To Net: NetName=GND Pin=SMPS-A1_A-6
Added Pin To Net: NetName=GND Pin=SMPS-A1_A-9
Added Pin To Net: NetName=GND Pin=SMPS-A1_D-6
Added Pin To Net: NetName=GND Pin=SMPS-A1_D-9
Added Pin To Net: NetName=GND Pin=SPI1-6
Added Pin To Net: NetName=GND Pin=T1-2
Added Pin To Net: NetName=GND Pin=T2-2
Added Pin To Net: NetName=GND Pin=U1-5
Added Pin To Net: NetName=GND Pin=U1-10
Added Pin To Net: NetName=GND Pin=U2-11
Added Pin To Net: NetName=GND Pin=U4-1
Added Pin To Net: NetName=GND Pin=U5-7
Added Pin To Net: NetName=GND Pin=U?-1
Added Pin To Net: NetName=GND Pin=U?-1
Added Pin To Net: NetName=GND Pin=U?-8
Added Pin To Net: NetName=GND Pin=U?-10
Added Pin To Net: NetName=GND Pin=U?-11
Added Pin To Net: NetName=GND Pin=U?-13
Added Pin To Net: NetName=GND Pin=U?-20
Added Pin To Net: NetName=GND Pin=V1-1
Added Pin To Net: NetName=GND Pin=VA1-1
Added Pin To Net: NetName=GND Pin=VD1-1
Added Pin To Net: NetName=GND Pin=VIN_IN1-1
Added Pin To Net: NetName=GND Pin=VRL_EN1-2
Added Net: Name=GND
Added Pin To Net: NetName=IRQ Pin=Freescale_Processor1-39
Added Pin To Net: NetName=IRQ Pin=INT1-2
Added Pin To Net: NetName=IRQ Pin=R28-1
Added Net: Name=IRQ
Added Pin To Net: NetName=MODA Pin=Freescale_Processor1-26
Added Pin To Net: NetName=MODA Pin=R33-2
Added Net: Name=MODA
Added Pin To Net: NetName=MODB Pin=Freescale_Processor1-25
Added Pin To Net: NetName=MODB Pin=R32-2
Added Net: Name=MODB
Added Pin To Net: NetName=MODC-BK Pin=BDM_PORT1-1
Added Pin To Net: NetName=MODC-BK Pin=Freescale_Processor1-15
Added Pin To Net: NetName=MODC-BK Pin=R30-2
Added Net: Name=MODC-BK
Added Pin To Net: NetName=NetACC1_2 Pin=ACC1-2
Added Pin To Net: NetName=NetACC1_2 Pin=C3-1
Added Pin To Net: NetName=NetACC1_2 Pin=U1-9
Added Net: Name=NetACC1_2
Added Pin To Net: NetName=NetACC1_3 Pin=ACC1-3
Added Pin To Net: NetName=NetACC1_3 Pin=C2-1
Added Pin To Net: NetName=NetACC1_3 Pin=U1-8
Added Net: Name=NetACC1_3
Added Pin To Net: NetName=NetACC1_4 Pin=ACC1-4
Added Pin To Net: NetName=NetACC1_4 Pin=C1-1
Added Pin To Net: NetName=NetACC1_4 Pin=U1-7
Added Net: Name=NetACC1_4
Added Pin To Net: NetName=NetACC1_5 Pin=ACC1-5
Added Pin To Net: NetName=NetACC1_5 Pin=R7-1
Added Net: Name=NetACC1_5
Added Pin To Net: NetName=NetC5_2 Pin=C5-2
Added Pin To Net: NetName=NetC5_2 Pin=R16-1
Added Net: Name=NetC5_2
Added Pin To Net: NetName=NetC6_2 Pin=C6-2
Added Pin To Net: NetName=NetC6_2 Pin=R17-1
Added Net: Name=NetC6_2
Added Pin To Net: NetName=NetC7_2 Pin=C7-2
Added Pin To Net: NetName=NetC7_2 Pin=R19-1
Added Net: Name=NetC7_2
Added Pin To Net: NetName=NetC15_2 Pin=C15-2
Added Pin To Net: NetName=NetC15_2 Pin=ECX-1-3
Added Pin To Net: NetName=NetC15_2 Pin=Freescale_Processor1-34
Added Pin To Net: NetName=NetC15_2 Pin=R23-2
Added Net: Name=NetC15_2
Added Pin To Net: NetName=NetC16_2 Pin=C16-2
Added Pin To Net: NetName=NetC16_2 Pin=ECX-1-1
Added Pin To Net: NetName=NetC16_2 Pin=R23-1
Added Pin To Net: NetName=NetC16_2 Pin=R25-2
Added Net: Name=NetC16_2
Added Pin To Net: NetName=NetC27_1 Pin=C27-1
Added Pin To Net: NetName=NetC27_1 Pin=MAX2-1
Added Net: Name=NetC27_1
Added Pin To Net: NetName=NetC27_2 Pin=C27-2
Added Pin To Net: NetName=NetC27_2 Pin=MAX2-3
Added Net: Name=NetC27_2
Added Pin To Net: NetName=NetC28_1 Pin=C28-1
Added Pin To Net: NetName=NetC28_1 Pin=MAX2-2
Added Net: Name=NetC28_1
Added Pin To Net: NetName=NetC29_1 Pin=C29-1
Added Pin To Net: NetName=NetC29_1 Pin=MAX2-4
Added Net: Name=NetC29_1
Added Pin To Net: NetName=NetC29_2 Pin=C29-2
Added Pin To Net: NetName=NetC29_2 Pin=MAX2-5
Added Net: Name=NetC29_2
Added Pin To Net: NetName=NetC30_2 Pin=C30-2
Added Pin To Net: NetName=NetC30_2 Pin=MAX2-6
Added Net: Name=NetC30_2
Added Pin To Net: NetName=NetC36_1 Pin=C36-1
Added Pin To Net: NetName=NetC36_1 Pin=R47-1
Added Pin To Net: NetName=NetC36_1 Pin=U?-5
Added Net: Name=NetC36_1
Added Pin To Net: NetName=NetC39_1 Pin=C39-1
Added Pin To Net: NetName=NetC39_1 Pin=Rp1-2
Added Net: Name=NetC39_1
Added Pin To Net: NetName=NetC39_2 Pin=C39-2
Added Pin To Net: NetName=NetC39_2 Pin=U?-4
Added Net: Name=NetC39_2
Added Pin To Net: NetName=NetC40_2 Pin=C40-2
Added Pin To Net: NetName=NetC40_2 Pin=R48-1
Added Pin To Net: NetName=NetC40_2 Pin=U?-16
Added Net: Name=NetC40_2
Added Pin To Net: NetName=NetC41_2 Pin=C41-2
Added Pin To Net: NetName=NetC41_2 Pin=D5-K
Added Pin To Net: NetName=NetC41_2 Pin=U?-17
Added Net: Name=NetC41_2
Added Pin To Net: NetName=NetC46_A_1 Pin=C46_A-1
Added Pin To Net: NetName=NetC46_A_1 Pin=D6_A-1
Added Pin To Net: NetName=NetC46_A_1 Pin=L2_A-1
Added Pin To Net: NetName=NetC46_A_1 Pin=SMPS-A1_A-8
Added Net: Name=NetC46_A_1
Added Pin To Net: NetName=NetC46_A_2 Pin=C46_A-2
Added Pin To Net: NetName=NetC46_A_2 Pin=SMPS-A1_A-1
Added Net: Name=NetC46_A_2
Added Pin To Net: NetName=NetC46_D_1 Pin=C46_D-1
Added Pin To Net: NetName=NetC46_D_1 Pin=D6_D-1
Added Pin To Net: NetName=NetC46_D_1 Pin=L2_D-1
Added Pin To Net: NetName=NetC46_D_1 Pin=SMPS-A1_D-8
Added Net: Name=NetC46_D_1
Added Pin To Net: NetName=NetC46_D_2 Pin=C46_D-2
Added Pin To Net: NetName=NetC46_D_2 Pin=SMPS-A1_D-1
Added Net: Name=NetC46_D_2
Added Pin To Net: NetName=NetC48_2 Pin=C48-2
Added Pin To Net: NetName=NetC48_2 Pin=ENC_L1-1
Added Pin To Net: NetName=NetC48_2 Pin=R54-2
Added Net: Name=NetC48_2
Added Pin To Net: NetName=NetC49_2 Pin=C49-2
Added Pin To Net: NetName=NetC49_2 Pin=ENC_R1-1
Added Pin To Net: NetName=NetC49_2 Pin=R55-2
Added Net: Name=NetC49_2
Added Pin To Net: NetName=NetC50_1 Pin=C50-1
Added Pin To Net: NetName=NetC50_1 Pin=ENC_L1-4
Added Pin To Net: NetName=NetC50_1 Pin=R56-1
Added Pin To Net: NetName=NetC50_1 Pin=U5-1
Added Net: Name=NetC50_1
Added Pin To Net: NetName=NetC51_1 Pin=C51-1
Added Pin To Net: NetName=NetC51_1 Pin=ENC_R1-4
Added Pin To Net: NetName=NetC51_1 Pin=R57-1
Added Pin To Net: NetName=NetC51_1 Pin=U5-3
Added Net: Name=NetC51_1
Added Pin To Net: NetName=NetCAN1_1 Pin=CAN1-1
Added Pin To Net: NetName=NetCAN1_1 Pin=Can_Bus1-6
Added Pin To Net: NetName=NetCAN1_1 Pin=R16-2
Added Net: Name=NetCAN1_1
Added Pin To Net: NetName=NetCAN1_2 Pin=CAN1-2
Added Pin To Net: NetName=NetCAN1_2 Pin=Can_Bus1-7
Added Pin To Net: NetName=NetCAN1_2 Pin=R17-2
Added Net: Name=NetCAN1_2
Added Pin To Net: NetName=NetCAN1_3 Pin=CAN1-3
Added Pin To Net: NetName=NetCAN1_3 Pin=Can_Bus1-5
Added Net: Name=NetCAN1_3
Added Pin To Net: NetName=NetCan_Bus1_1 Pin=Can_Bus1-1
Added Pin To Net: NetName=NetCan_Bus1_1 Pin=Freescale_Processor1-74
Added Pin To Net: NetName=NetCan_Bus1_1 Pin=R14-1
Added Net: Name=NetCan_Bus1_1
Added Pin To Net: NetName=NetCan_Bus1_4 Pin=Can_Bus1-4
Added Pin To Net: NetName=NetCan_Bus1_4 Pin=Freescale_Processor1-75
Added Pin To Net: NetName=NetCan_Bus1_4 Pin=R13-1
Added Net: Name=NetCan_Bus1_4
Added Pin To Net: NetName=NetCan_Bus1_8 Pin=Can_Bus1-8
Added Pin To Net: NetName=NetCan_Bus1_8 Pin=P1-1
Added Pin To Net: NetName=NetCan_Bus1_8 Pin=R15-2
Added Net: Name=NetCan_Bus1_8
Added Pin To Net: NetName=NetCTS_RTS1_1 Pin=CTS_RTS1-1
Added Pin To Net: NetName=NetCTS_RTS1_1 Pin=MAX2-10
Added Net: Name=NetCTS_RTS1_1
Added Pin To Net: NetName=NetCTS_RTS1_2 Pin=CTS_RTS1-2
Added Pin To Net: NetName=NetCTS_RTS1_2 Pin=MAX2-9
Added Pin To Net: NetName=NetCTS_RTS1_2 Pin=R38-2
Added Net: Name=NetCTS_RTS1_2
Added Pin To Net: NetName=NetD1_K Pin=D1-K
Added Pin To Net: NetName=NetD1_K Pin=DS1-1
Added Pin To Net: NetName=NetD1_K Pin=Reset1-3
Added Pin To Net: NetName=NetD1_K Pin=Reset1-4
Added Net: Name=NetD1_K
Added Pin To Net: NetName=NetD2_1 Pin=D2-1
Added Pin To Net: NetName=NetD2_1 Pin=T1-3
Added Net: Name=NetD2_1
Added Pin To Net: NetName=NetD2_2 Pin=D2-2
Added Pin To Net: NetName=NetD2_2 Pin=R34-2
Added Net: Name=NetD2_2
Added Pin To Net: NetName=NetD3_1 Pin=D3-1
Added Pin To Net: NetName=NetD3_1 Pin=T2-3
Added Net: Name=NetD3_1
Added Pin To Net: NetName=NetD3_2 Pin=D3-2
Added Pin To Net: NetName=NetD3_2 Pin=R39-1
Added Net: Name=NetD3_2
Added Pin To Net: NetName=NetD4_K Pin=D4-K
Added Pin To Net: NetName=NetD4_K Pin=D5-A
Added Pin To Net: NetName=NetD4_K Pin=Rp1-1
Added Net: Name=NetD4_K
Added Pin To Net: NetName=NetDAC1_1 Pin=DAC1-1
Added Pin To Net: NetName=NetDAC1_1 Pin=MAX1-4
Added Net: Name=NetDAC1_1
Added Pin To Net: NetName=NetDAC1_2 Pin=DAC1-2
Added Pin To Net: NetName=NetDAC1_2 Pin=MAX1-5
Added Net: Name=NetDAC1_2
Added Pin To Net: NetName=NetDAC1_3 Pin=DAC1-3
Added Pin To Net: NetName=NetDAC1_3 Pin=MAX1-8
Added Net: Name=NetDAC1_3
Added Pin To Net: NetName=NetDCL1_1 Pin=DCL1-1
Added Pin To Net: NetName=NetDCL1_1 Pin=U?-3
Added Net: Name=NetDCL1_1
Added Pin To Net: NetName=NetDCL1_2 Pin=DCL1-2
Added Pin To Net: NetName=NetDCL1_2 Pin=U?-18
Added Net: Name=NetDCL1_2
Added Pin To Net: NetName=NetDCR1_1 Pin=DCR1-1
Added Pin To Net: NetName=NetDCR1_1 Pin=U?-9
Added Net: Name=NetDCR1_1
Added Pin To Net: NetName=NetDCR1_2 Pin=DCR1-2
Added Pin To Net: NetName=NetDCR1_2 Pin=U?-12
Added Net: Name=NetDCR1_2
Added Pin To Net: NetName=NetENC_L1_2 Pin=ENC_L1-2
Added Net: Name=NetENC_L1_2
Added Pin To Net: NetName=NetENC_R1_2 Pin=ENC_R1-2
Added Net: Name=NetENC_R1_2
Added Pin To Net: NetName=NetFreescale_Processor1_2 Pin=Freescale_Processor1-2
Added Pin To Net: NetName=NetFreescale_Processor1_2 Pin=R4-1
Added Net: Name=NetFreescale_Processor1_2
Added Pin To Net: NetName=NetFreescale_Processor1_3 Pin=Freescale_Processor1-3
Added Pin To Net: NetName=NetFreescale_Processor1_3 Pin=R5-1
Added Net: Name=NetFreescale_Processor1_3
Added Pin To Net: NetName=NetFreescale_Processor1_4 Pin=Freescale_Processor1-4
Added Pin To Net: NetName=NetFreescale_Processor1_4 Pin=R3-1
Added Net: Name=NetFreescale_Processor1_4
Added Pin To Net: NetName=NetFreescale_Processor1_5 Pin=Freescale_Processor1-5
Added Pin To Net: NetName=NetFreescale_Processor1_5 Pin=U5-2
Added Net: Name=NetFreescale_Processor1_5
Added Pin To Net: NetName=NetFreescale_Processor1_6 Pin=Freescale_Processor1-6
Added Pin To Net: NetName=NetFreescale_Processor1_6 Pin=U5-4
Added Net: Name=NetFreescale_Processor1_6
Added Pin To Net: NetName=NetFreescale_Processor1_7 Pin=Freescale_Processor1-7
Added Pin To Net: NetName=NetFreescale_Processor1_7 Pin=RC_R1-1
Added Net: Name=NetFreescale_Processor1_7
Added Pin To Net: NetName=NetFreescale_Processor1_8 Pin=Freescale_Processor1-8
Added Pin To Net: NetName=NetFreescale_Processor1_8 Pin=RC_R2-1
Added Net: Name=NetFreescale_Processor1_8
Added Pin To Net: NetName=NetFreescale_Processor1_11 Pin=Freescale_Processor1-11
Added Pin To Net: NetName=NetFreescale_Processor1_11 Pin=R42-2
Added Pin To Net: NetName=NetFreescale_Processor1_11 Pin=SM_H1-2
Added Net: Name=NetFreescale_Processor1_11
Added Pin To Net: NetName=NetFreescale_Processor1_12 Pin=Freescale_Processor1-12
Added Pin To Net: NetName=NetFreescale_Processor1_12 Pin=R44-2
Added Pin To Net: NetName=NetFreescale_Processor1_12 Pin=SM_H1-9
Added Net: Name=NetFreescale_Processor1_12
Added Pin To Net: NetName=NetFreescale_Processor1_13 Pin=Freescale_Processor1-13
Added Pin To Net: NetName=NetFreescale_Processor1_13 Pin=R43-2
Added Pin To Net: NetName=NetFreescale_Processor1_13 Pin=SM_H1-12
Added Net: Name=NetFreescale_Processor1_13
Added Pin To Net: NetName=NetFreescale_Processor1_14 Pin=Freescale_Processor1-14
Added Pin To Net: NetName=NetFreescale_Processor1_14 Pin=R45-2
Added Pin To Net: NetName=NetFreescale_Processor1_14 Pin=SM_H1-19
Added Net: Name=NetFreescale_Processor1_14
Added Pin To Net: NetName=NetFreescale_Processor1_16 Pin=Freescale_Processor1-16
Added Pin To Net: NetName=NetFreescale_Processor1_16 Pin=U?-6
Added Net: Name=NetFreescale_Processor1_16
Added Pin To Net: NetName=NetFreescale_Processor1_17 Pin=Freescale_Processor1-17
Added Pin To Net: NetName=NetFreescale_Processor1_17 Pin=U?-14
Added Net: Name=NetFreescale_Processor1_17
Added Pin To Net: NetName=NetFreescale_Processor1_18 Pin=Freescale_Processor1-18
Added Pin To Net: NetName=NetFreescale_Processor1_18 Pin=U?-7
Added Net: Name=NetFreescale_Processor1_18
Added Pin To Net: NetName=NetFreescale_Processor1_19 Pin=Freescale_Processor1-19
Added Pin To Net: NetName=NetFreescale_Processor1_19 Pin=U?-15
Added Net: Name=NetFreescale_Processor1_19
Added Pin To Net: NetName=NetFreescale_Processor1_24 Pin=Freescale_Processor1-24
Added Pin To Net: NetName=NetFreescale_Processor1_24 Pin=R21-1
Added Net: Name=NetFreescale_Processor1_24
Added Pin To Net: NetName=NetFreescale_Processor1_35 Pin=Freescale_Processor1-35
Added Pin To Net: NetName=NetFreescale_Processor1_35 Pin=R25-1
Added Net: Name=NetFreescale_Processor1_35
Added Pin To Net: NetName=NetFreescale_Processor1_78 Pin=Freescale_Processor1-78
Added Pin To Net: NetName=NetFreescale_Processor1_78 Pin=R46-1
Added Pin To Net: NetName=NetFreescale_Processor1_78 Pin=SM_H1-1
Added Pin To Net: NetName=NetFreescale_Processor1_78 Pin=SM_H1-11
Added Net: Name=NetFreescale_Processor1_78
Added Pin To Net: NetName=NetFreescale_Processor1_79 Pin=Freescale_Processor1-79
Added Pin To Net: NetName=NetFreescale_Processor1_79 Pin=R48-2
Added Net: Name=NetFreescale_Processor1_79
Added Pin To Net: NetName=NetFreescale_Processor1_80 Pin=Freescale_Processor1-80
Added Pin To Net: NetName=NetFreescale_Processor1_80 Pin=R47-2
Added Net: Name=NetFreescale_Processor1_80
Added Pin To Net: NetName=NetIC1_7 Pin=IC1-7
Added Pin To Net: NetName=NetIC1_7 Pin=R58-1
Added Net: Name=NetIC1_7
Added Pin To Net: NetName=NetMAX2_13 Pin=MAX2-13
Added Pin To Net: NetName=NetMAX2_13 Pin=RS1-3
Added Net: Name=NetMAX2_13
Added Pin To Net: NetName=NetMAX2_14 Pin=MAX2-14
Added Pin To Net: NetName=NetMAX2_14 Pin=RS1-2
Added Net: Name=NetMAX2_14
Added Pin To Net: NetName=NetR1_2 Pin=R1-2
Added Pin To Net: NetName=NetR1_2 Pin=R4-2
Added Pin To Net: NetName=NetR1_2 Pin=U1-4
Added Net: Name=NetR1_2
Added Pin To Net: NetName=NetR2_2 Pin=R2-2
Added Pin To Net: NetName=NetR2_2 Pin=R3-2
Added Pin To Net: NetName=NetR2_2 Pin=U1-6
Added Net: Name=NetR2_2
Added Pin To Net: NetName=NetR5_2 Pin=R5-2
Added Pin To Net: NetName=NetR5_2 Pin=R11-1
Added Pin To Net: NetName=NetR5_2 Pin=U1-3
Added Net: Name=NetR5_2
Added Pin To Net: NetName=NetR6_1 Pin=R6-1
Added Pin To Net: NetName=NetR6_1 Pin=R9-2
Added Pin To Net: NetName=NetR6_1 Pin=U2-6
Added Net: Name=NetR6_1
Added Pin To Net: NetName=NetR7_2 Pin=R7-2
Added Pin To Net: NetName=NetR7_2 Pin=R10-1
Added Pin To Net: NetName=NetR7_2 Pin=U1-12
Added Net: Name=NetR7_2
Added Pin To Net: NetName=NetR8_1 Pin=R8-1
Added Pin To Net: NetName=NetR8_1 Pin=U2-2
Added Net: Name=NetR8_1
Added Pin To Net: NetName=NetR8_2 Pin=R8-2
Added Pin To Net: NetName=NetR8_2 Pin=U2-1
Added Pin To Net: NetName=NetR8_2 Pin=U2-5
Added Net: Name=NetR8_2
Added Pin To Net: NetName=NetR12_1 Pin=R12-1
Added Pin To Net: NetName=NetR12_1 Pin=U1-11
Added Net: Name=NetR12_1
Added Pin To Net: NetName=NetR12_2 Pin=R12-2
Added Pin To Net: NetName=NetR12_2 Pin=U2-3
Added Net: Name=NetR12_2
Added Pin To Net: NetName=NetR35_2 Pin=R35-2
Added Pin To Net: NetName=NetR35_2 Pin=T1-1
Added Net: Name=NetR35_2
Added Pin To Net: NetName=NetR37_1 Pin=R37-1
Added Pin To Net: NetName=NetR37_1 Pin=T2-1
Added Net: Name=NetR37_1
Added Pin To Net: NetName=NetR50_2 Pin=R50-2
Added Pin To Net: NetName=NetR50_2 Pin=RC_T2-2
Added Pin To Net: NetName=NetR50_2 Pin=ServoMotor1-2
Added Net: Name=NetR50_2
Added Pin To Net: NetName=NetR51_A_1 Pin=R51_A-1
Added Pin To Net: NetName=NetR51_A_1 Pin=R52_A-1
Added Pin To Net: NetName=NetR51_A_1 Pin=SMPS-A1_A-4
Added Net: Name=NetR51_A_1
Added Pin To Net: NetName=NetR51_D_1 Pin=R51_D-1
Added Pin To Net: NetName=NetR51_D_1 Pin=R52_D-1
Added Pin To Net: NetName=NetR51_D_1 Pin=SMPS-A1_D-4
Added Net: Name=NetR51_D_1
Added Pin To Net: NetName=NetR53_A_2 Pin=R53_A-2
Added Pin To Net: NetName=NetR53_A_2 Pin=SMPS-A1_A-5
Added Net: Name=NetR53_A_2
Added Pin To Net: NetName=NetR53_D_2 Pin=R53_D-2
Added Pin To Net: NetName=NetR53_D_2 Pin=SMPS-A1_D-5
Added Net: Name=NetR53_D_2
Added Pin To Net: NetName=NetRC_R1_2 Pin=RC_R1-2
Added Pin To Net: NetName=NetRC_R1_2 Pin=RC_T1-1
Added Net: Name=NetRC_R1_2
Added Pin To Net: NetName=NetRC_R2_2 Pin=RC_R2-2
Added Pin To Net: NetName=NetRC_R2_2 Pin=RC_T2-1
Added Net: Name=NetRC_R2_2
Added Pin To Net: NetName=PA0 Pin=AR_DIG1-8
Added Pin To Net: NetName=PA0 Pin=Freescale_Processor1-41
Added Pin To Net: NetName=PA0 Pin=PA1-1
Added Net: Name=PA0
Added Pin To Net: NetName=PA1 Pin=AR_DIG1-7
Added Pin To Net: NetName=PA1 Pin=Freescale_Processor1-42
Added Pin To Net: NetName=PA1 Pin=PA1-2
Added Net: Name=PA1
Added Pin To Net: NetName=PA2 Pin=AR_DIG2-6
Added Pin To Net: NetName=PA2 Pin=Freescale_Processor1-43
Added Pin To Net: NetName=PA2 Pin=PA1-3
Added Net: Name=PA2
Added Pin To Net: NetName=PA3 Pin=AR_DIG2-5
Added Pin To Net: NetName=PA3 Pin=Freescale_Processor1-44
Added Pin To Net: NetName=PA3 Pin=PA1-4
Added Net: Name=PA3
Added Pin To Net: NetName=PA4 Pin=AR_DIG2-4
Added Pin To Net: NetName=PA4 Pin=Freescale_Processor1-45
Added Pin To Net: NetName=PA4 Pin=PA1-5
Added Net: Name=PA4
Added Pin To Net: NetName=PA5 Pin=AR_DIG2-3
Added Pin To Net: NetName=PA5 Pin=Freescale_Processor1-46
Added Pin To Net: NetName=PA5 Pin=PA1-6
Added Net: Name=PA5
Added Pin To Net: NetName=PA6 Pin=AR_DIG2-2
Added Pin To Net: NetName=PA6 Pin=Freescale_Processor1-47
Added Pin To Net: NetName=PA6 Pin=PA1-7
Added Net: Name=PA6
Added Pin To Net: NetName=PA7 Pin=AR_DIG2-1
Added Pin To Net: NetName=PA7 Pin=Freescale_Processor1-48
Added Pin To Net: NetName=PA7 Pin=PA1-8
Added Net: Name=PA7
Added Pin To Net: NetName=PB4 Pin=Freescale_Processor1-20
Added Pin To Net: NetName=PB4 Pin=PBHB1-4
Added Net: Name=PB4
Added Pin To Net: NetName=PB5 Pin=Freescale_Processor1-21
Added Pin To Net: NetName=PB5 Pin=PBHB1-3
Added Net: Name=PB5
Added Pin To Net: NetName=PB6 Pin=AR_DIG2-8
Added Pin To Net: NetName=PB6 Pin=Freescale_Processor1-22
Added Pin To Net: NetName=PB6 Pin=PBHB1-2
Added Net: Name=PB6
Added Pin To Net: NetName=PB7 Pin=AR_DIG2-7
Added Pin To Net: NetName=PB7 Pin=Freescale_Processor1-23
Added Pin To Net: NetName=PB7 Pin=PBHB1-1
Added Net: Name=PB7
Added Pin To Net: NetName=PEX0 Pin=IC1-9
Added Pin To Net: NetName=PEX0 Pin=PEX1-3
Added Net: Name=PEX0
Added Pin To Net: NetName=PEX1 Pin=IC1-10
Added Pin To Net: NetName=PEX1 Pin=PEX1-4
Added Net: Name=PEX1
Added Pin To Net: NetName=PEX2 Pin=IC1-11
Added Pin To Net: NetName=PEX2 Pin=PEX1-5
Added Net: Name=PEX2
Added Pin To Net: NetName=PEX3 Pin=IC1-12
Added Pin To Net: NetName=PEX3 Pin=PEX1-6
Added Net: Name=PEX3
Added Pin To Net: NetName=PEX4 Pin=IC1-13
Added Pin To Net: NetName=PEX4 Pin=PEX1-7
Added Net: Name=PEX4
Added Pin To Net: NetName=PEX5 Pin=IC1-14
Added Pin To Net: NetName=PEX5 Pin=PEX1-8
Added Net: Name=PEX5
Added Pin To Net: NetName=PEX6 Pin=IC1-15
Added Pin To Net: NetName=PEX6 Pin=PEX1-9
Added Net: Name=PEX6
Added Pin To Net: NetName=PEX7 Pin=IC1-16
Added Pin To Net: NetName=PEX7 Pin=PEX1-10
Added Net: Name=PEX7
Added Pin To Net: NetName=PJ6 Pin=Freescale_Processor1-69
Added Pin To Net: NetName=PJ6 Pin=IC1-3
Added Pin To Net: NetName=PJ6 Pin=R59-1
Added Net: Name=PJ6
Added Pin To Net: NetName=PJ7 Pin=Freescale_Processor1-68
Added Pin To Net: NetName=PJ7 Pin=IC1-8
Added Net: Name=PJ7
Added Pin To Net: NetName=R1 Pin=R36-1
Added Pin To Net: NetName=R1 Pin=RS1-1
Added Pin To Net: NetName=R1 Pin=RS1-4
Added Pin To Net: NetName=R1 Pin=RS1-6
Added Net: Name=R1
Added Pin To Net: NetName=RESET Pin=BDM_PORT1-4
Added Pin To Net: NetName=RESET Pin=D1-A
Added Pin To Net: NetName=RESET Pin=Freescale_Processor1-30
Added Pin To Net: NetName=RESET Pin=R29-2
Added Net: Name=RESET
Added Pin To Net: NetName=ROMCTL Pin=Freescale_Processor1-67
Added Pin To Net: NetName=ROMCTL Pin=R20-1
Added Pin To Net: NetName=ROMCTL Pin=ROMCTL1-1
Added Net: Name=ROMCTL
Added Pin To Net: NetName=RTS Pin=MAX2-8
Added Pin To Net: NetName=RTS Pin=R36-2
Added Pin To Net: NetName=RTS Pin=RS1-7
Added Net: Name=RTS
Added Pin To Net: NetName=RT Pin=R36-4
Added Pin To Net: NetName=RT Pin=RS1-9
Added Net: Name=RT
Added Pin To Net: NetName=RX_RS232 Pin=Freescale_Processor1-63
Added Pin To Net: NetName=RX_RS232 Pin=MAX2-12
Added Pin To Net: NetName=RX_RS232 Pin=R37-2
Added Net: Name=RX_RS232
Added Pin To Net: NetName=SERVO SIGNAL Pin=CameraCon1-4
Added Pin To Net: NetName=SERVO SIGNAL Pin=R49-2
Added Pin To Net: NetName=SERVO SIGNAL Pin=RC_T1-2
Added Pin To Net: NetName=SERVO SIGNAL Pin=ServoMotor1-1
Added Net: Name=SERVO SIGNAL
Added Pin To Net: NetName=SPI_MISO Pin=AR_DIG1-5
Added Pin To Net: NetName=SPI_MISO Pin=Freescale_Processor1-73
Added Pin To Net: NetName=SPI_MISO Pin=IC1-6
Added Pin To Net: NetName=SPI_MISO Pin=R24-1
Added Pin To Net: NetName=SPI_MISO Pin=SPI1-1
Added Net: Name=SPI_MISO
Added Pin To Net: NetName=SPI_MOSI Pin=AR_DIG1-4
Added Pin To Net: NetName=SPI_MOSI Pin=Freescale_Processor1-71
Added Pin To Net: NetName=SPI_MOSI Pin=IC1-5
Added Pin To Net: NetName=SPI_MOSI Pin=MAX1-3
Added Pin To Net: NetName=SPI_MOSI Pin=R22-1
Added Pin To Net: NetName=SPI_MOSI Pin=SPI1-4
Added Net: Name=SPI_MOSI
Added Pin To Net: NetName=SPI_SCK Pin=AR_DIG1-3
Added Pin To Net: NetName=SPI_SCK Pin=Freescale_Processor1-70
Added Pin To Net: NetName=SPI_SCK Pin=IC1-4
Added Pin To Net: NetName=SPI_SCK Pin=MAX1-2
Added Pin To Net: NetName=SPI_SCK Pin=R26-2
Added Pin To Net: NetName=SPI_SCK Pin=R27-1
Added Pin To Net: NetName=SPI_SCK Pin=SPI1-3
Added Net: Name=SPI_SCK
Added Pin To Net: NetName=SPI_SS Pin=AR_DIG1-6
Added Pin To Net: NetName=SPI_SS Pin=Freescale_Processor1-72
Added Pin To Net: NetName=SPI_SS Pin=SPI1-5
Added Net: Name=SPI_SS
Added Pin To Net: NetName=STEPPER A BAR Pin=CameraCon1-12
Added Pin To Net: NetName=STEPPER A BAR Pin=SM_H1-8
Added Net: Name=STEPPER A BAR
Added Pin To Net: NetName=STEPPER A Pin=CameraCon1-13
Added Pin To Net: NetName=STEPPER A Pin=SM_H1-3
Added Net: Name=STEPPER A
Added Pin To Net: NetName=STEPPER B BAR Pin=CameraCon1-8
Added Pin To Net: NetName=STEPPER B BAR Pin=SM_H1-18
Added Net: Name=STEPPER B BAR
Added Pin To Net: NetName=STEPPER B Pin=CameraCon1-9
Added Pin To Net: NetName=STEPPER B Pin=SM_H1-13
Added Net: Name=STEPPER B
Added Pin To Net: NetName=SWITCH_LEFT- Pin=CameraCon1-15
Added Pin To Net: NetName=SWITCH_LEFT- Pin=Freescale_Processor1-65
Added Pin To Net: NetName=SWITCH_LEFT- Pin=R41-2
Added Net: Name=SWITCH_LEFT-
Added Pin To Net: NetName=SWITCH_RIGHT- Pin=CameraCon1-1
Added Pin To Net: NetName=SWITCH_RIGHT- Pin=Freescale_Processor1-66
Added Pin To Net: NetName=SWITCH_RIGHT- Pin=R40-2
Added Net: Name=SWITCH_RIGHT-
Added Pin To Net: NetName=TX_RS232 Pin=Freescale_Processor1-64
Added Pin To Net: NetName=TX_RS232 Pin=MAX2-11
Added Pin To Net: NetName=TX_RS232 Pin=R35-1
Added Net: Name=TX_RS232
Added Pin To Net: NetName=VDD1 Pin=C11-2
Added Pin To Net: NetName=VDD1 Pin=Freescale_Processor1-9
Added Net: Name=VDD1
Added Pin To Net: NetName=VDD2 Pin=C13-2
Added Pin To Net: NetName=VDD2 Pin=Freescale_Processor1-49
Added Net: Name=VDD2
Added Pin To Net: NetName=VDDA Pin=C24-2
Added Pin To Net: NetName=VDDA Pin=C25-1
Added Pin To Net: NetName=VDDA Pin=Freescale_Processor1-59
Added Pin To Net: NetName=VDDA Pin=L1-2
Added Pin To Net: NetName=VDDA Pin=VRH_EN1-2
Added Net: Name=VDDA
Added Pin To Net: NetName=VDDPLL Pin=C7-1
Added Pin To Net: NetName=VDDPLL Pin=C8-1
Added Pin To Net: NetName=VDDPLL Pin=C9-2
Added Pin To Net: NetName=VDDPLL Pin=C10-2
Added Pin To Net: NetName=VDDPLL Pin=Freescale_Processor1-31
Added Net: Name=VDDPLL
Added Pin To Net: NetName=VIN Pin=*3-1
Added Pin To Net: NetName=VIN Pin=*3-1
Added Pin To Net: NetName=VIN Pin=C35-1
Added Pin To Net: NetName=VIN Pin=C37-1
Added Pin To Net: NetName=VIN Pin=C38-2
Added Pin To Net: NetName=VIN Pin=C41-1
Added Pin To Net: NetName=VIN Pin=C44_A-1
Added Pin To Net: NetName=VIN Pin=C44_D-1
Added Pin To Net: NetName=VIN Pin=C45_A-1
Added Pin To Net: NetName=VIN Pin=C45_D-1
Added Pin To Net: NetName=VIN Pin=D4-A
Added Pin To Net: NetName=VIN Pin=SM_H1-10
Added Pin To Net: NetName=VIN Pin=SMPS-A1_A-7
Added Pin To Net: NetName=VIN Pin=SMPS-A1_D-7
Added Pin To Net: NetName=VIN Pin=U?-2
Added Pin To Net: NetName=VIN Pin=U?-19
Added Pin To Net: NetName=VIN Pin=VIN_IN1-2
Added Net: Name=VIN
Added Pin To Net: NetName=VRH Pin=C23-2
Added Pin To Net: NetName=VRH Pin=Freescale_Processor1-60
Added Pin To Net: NetName=VRH Pin=VRH_EN1-1
Added Net: Name=VRH
Added Pin To Net: NetName=VRL Pin=C23-1
Added Pin To Net: NetName=VRL Pin=Freescale_Processor1-61
Added Pin To Net: NetName=VRL Pin=VRL_EN1-1
Added Net: Name=VRL
Added Pin To Net: NetName=XFC Pin=C8-2
Added Pin To Net: NetName=XFC Pin=Freescale_Processor1-32
Added Pin To Net: NetName=XFC Pin=R19-2
Added Net: Name=XFC
Added Pin To Net: NetName=XIRQ Pin=Freescale_Processor1-40
Added Pin To Net: NetName=XIRQ Pin=INT1-1
Added Pin To Net: NetName=XIRQ Pin=NO_AUTO1-2
Added Pin To Net: NetName=XIRQ Pin=R31-1
Added Net: Name=XIRQ
Added Room: Name=Accelerometer
Added Room: Name=CanBus
Added Room: Name=ili9327 LCD
Added Room: Name=MC9S12C
Added Room: Name=Project_Board
