Removed Pin From Net: NetName=5VD Pin=C11-2
Removed Pin From Net: NetName=VDD1 Pin=C12-2
Removed Pin From Net: NetName=GND Pin=PEX-1
Removed Pin From Net: NetName=PEX0 Pin=PEX-2
Removed Pin From Net: NetName=PEX2 Pin=PEX-3
Removed Pin From Net: NetName=PEX4 Pin=PEX-4
Removed Pin From Net: NetName=PEX6 Pin=PEX-5
Removed Pin From Net: NetName=5VD Pin=PEX-7
Removed Pin From Net: NetName=PEX1 Pin=PEX-8
Removed Pin From Net: NetName=PEX3 Pin=PEX-9
Removed Pin From Net: NetName=PEX5 Pin=PEX-10
Removed Pin From Net: NetName=PEX7 Pin=PEX-11
Removed Pin From Net: NetName=SPI_SCK Pin=PORTEX-1
Removed Pin From Net: NetName=PJ6 Pin=PORTEX-2
Removed Pin From Net: NetName=PEX0 Pin=PORTEX-3
Removed Pin From Net: NetName=PEX2 Pin=PORTEX-4
Removed Pin From Net: NetName=PEX3 Pin=PORTEX-6
Removed Pin From Net: NetName=PEX4 Pin=PORTEX-7
Removed Pin From Net: NetName=GND Pin=PORTEX-8
Removed Pin From Net: NetName=PEX5 Pin=PORTEX-9
Removed Pin From Net: NetName=PEX6 Pin=PORTEX-10
Removed Pin From Net: NetName=PEX7 Pin=PORTEX-11
Removed Pin From Net: NetName=SPI_MISO Pin=PORTEX-14
Removed Pin From Net: NetName=SPI_MOSI Pin=PORTEX-15
Removed Pin From Net: NetName=5VD Pin=PORTEX-16
Change Component Footprint: Designator=C11 Old Footprint=C1206 New Footprint=CAPC2012X09M
Change Component Footprint: Designator=C12 Old Footprint=CAPC2012X09M New Footprint=C1206
Change Component Designator: OldDesignator=C13 NewDesignator=C14
Change Component Designator: OldDesignator=C14 NewDesignator=C13
Change Component Designator: OldDesignator=C16 NewDesignator=C17
Change Component Designator: OldDesignator=C17 NewDesignator=C18
Change Component Designator: OldDesignator=C18 NewDesignator=C19
Change Component Designator: OldDesignator=C19 NewDesignator=C20
Change Component Designator: OldDesignator=C20 NewDesignator=C21
Change Component Designator: OldDesignator=C21 NewDesignator=C22
Change Component Designator: OldDesignator=C22 NewDesignator=C16
Change Component Designator: OldDesignator=ECX-32 NewDesignator=ECX-1
Change Component Designator: OldDesignator=PA NewDesignator=PA1
Change Component Designator: OldDesignator=PBHB NewDesignator=PBHB1
Change Component Designator: OldDesignator=VRH_EN NewDesignator=VRH_EN1
Added Component: Designator=PEX2(HDR2X5H)
Added Component: Designator=R58(RESC2112X05M)
Added Component: Designator=R59(RESC2112X05M)
Added Component: Designator=SPI Expander(MCP23009)
Added Pin To Net: NetName=VDD1 Pin=C11-2
Added Pin To Net: NetName=5VD Pin=C12-2
Added Pin To Net: NetName=GND Pin=PEX2-1
Added Pin To Net: NetName=5VD Pin=PEX2-2
Added Pin To Net: NetName=PEX0 Pin=PEX2-3
Added Pin To Net: NetName=PEX1 Pin=PEX2-4
Added Pin To Net: NetName=PEX2 Pin=PEX2-5
Added Pin To Net: NetName=PEX3 Pin=PEX2-6
Added Pin To Net: NetName=PEX4 Pin=PEX2-7
Added Pin To Net: NetName=PEX5 Pin=PEX2-8
Added Pin To Net: NetName=PEX6 Pin=PEX2-9
Added Pin To Net: NetName=PEX7 Pin=PEX2-10
Added Pin To Net: NetName=5VD Pin=R58-2
Added Pin To Net: NetName=PJ6 Pin=R59-1
Added Pin To Net: NetName=5VD Pin=R59-2
Added Pin To Net: NetName=5VD Pin=SPI Expander-1
Added Pin To Net: NetName=PJ6 Pin=SPI Expander-3
Added Pin To Net: NetName=SPI_SCK Pin=SPI Expander-4
Added Pin To Net: NetName=SPI_MOSI Pin=SPI Expander-5
Added Pin To Net: NetName=PJ7 Pin=SPI Expander-8
Added Pin To Net: NetName=PEX0 Pin=SPI Expander-9
Added Pin To Net: NetName=PEX1 Pin=SPI Expander-10
Added Pin To Net: NetName=PEX2 Pin=SPI Expander-11
Added Pin To Net: NetName=PEX3 Pin=SPI Expander-12
Added Pin To Net: NetName=PEX4 Pin=SPI Expander-13
Added Pin To Net: NetName=PEX5 Pin=SPI Expander-14
Added Pin To Net: NetName=PEX6 Pin=SPI Expander-15
Added Pin To Net: NetName=PEX7 Pin=SPI Expander-16
Change Net Name : Old Net Name=NetC22_2 New Net Name=NetC16_2
Added Pin To Net: NetName=NetR58_1 Pin=R58-1
Added Pin To Net: NetName=NetR58_1 Pin=SPI Expander-7
Added Net: Name=NetR58_1
Added Pin To Net: NetName=NetSPI Expander_6 Pin=SPI Expander-6
Added Net: Name=NetSPI Expander_6
Added Class: Name=MCP23S09
Change Room Name: Old Name=PORT_EX New Name=MCP23S09
Change Room Scope: Old Scope=InComponentClass('PORT_EX') New Scope=InComponentClass('MCP23S09')
Added Room: Name=ili9327 LCD
Added Room: Name=MC9S12C
Added Room: Name=Project_Board
