Change Component Designator: Old Designator=C1 New Designator=C?
Change Component Designator: Old Designator=C1 New Designator=C?
Change Component Designator: Old Designator=C1 New Designator=C?
Change Component Designator: Old Designator=C2 New Designator=C?
Change Component Designator: Old Designator=C2 New Designator=C?
Change Component Designator: Old Designator=C32 New Designator=C?
Change Component Designator: Old Designator=C33 New Designator=C?
Change Component Designator: Old Designator=Cap_FilterEn2 New Designator=Cap_FilterEn?
Change Component Designator: Old Designator=CBoot1 New Designator=CBoot?
Change Component Designator: Old Designator=D10 New Designator=D?
Change Component Designator: Old Designator=D11 New Designator=D?
Change Component Designator: Old Designator=EncoderLimit_R1 New Designator=EncoderLimit_R?
Change Component Designator: Old Designator=EncoderLimit_R2 New Designator=EncoderLimit_R?
Change Component Designator: Old Designator=EncoderPullUP1 New Designator=EncoderPullUP?
Change Component Designator: Old Designator=EncoderPullUP2 New Designator=EncoderPullUP?
Change Component Designator: Old Designator=Rena1 New Designator=Rena?
Change Component Designator: Old Designator=Renb1 New Designator=Renb?
Change Component Designator: Old Designator=Rp1 New Designator=Rp?
Change Component Designator: Old Designator=Schmitt_Trigger1 New Designator=Schmitt_Trigger?
Change Component Designator: Old Designator=U4 New Designator=U?
Change Component Designator: Old Designator=U5 New Designator=U?
Change Component Designator: Old Designator=VCP1 New Designator=VCP?
