Change Component Designator: Old Designator=C? New Designator=C32
Change Component Designator: Old Designator=C? New Designator=C33
Change Component Designator: Old Designator=Cap_FilterEn? New Designator=Cap_FilterEn1
Change Component Designator: Old Designator=Cap_FilterEn? New Designator=Cap_FilterEn2
Change Component Designator: Old Designator=Cap_FilterEnOP? New Designator=Cap_FilterEnOP1
Change Component Designator: Old Designator=Cap_FilterEnOP? New Designator=Cap_FilterEnOP2
Change Component Designator: Old Designator=CBoot? New Designator=CBoot1
Change Component Designator: Old Designator=Cena? New Designator=Cena1
Change Component Designator: Old Designator=Cenb? New Designator=Cenb1
Change Component Designator: Old Designator=D? New Designator=D10
Change Component Designator: Old Designator=D? New Designator=D11
Change Component Designator: Old Designator=EncoderLimit_R? New Designator=EncoderLimit_R1
Change Component Designator: Old Designator=EncoderLimit_R? New Designator=EncoderLimit_R2
Change Component Designator: Old Designator=EncoderPullUP? New Designator=EncoderPullUP1
Change Component Designator: Old Designator=EncoderPullUP? New Designator=EncoderPullUP2
Change Component Designator: Old Designator=Rena? New Designator=Rena1
Change Component Designator: Old Designator=Renb? New Designator=Renb1
Change Component Designator: Old Designator=Rp? New Designator=Rp1
Change Component Designator: Old Designator=Schmitt_Trigger? New Designator=Schmitt_Trigger1
Change Component Designator: Old Designator=U? New Designator=U5
Change Component Designator: Old Designator=U? New Designator=U4
Change Component Designator: Old Designator=VCP? New Designator=VCP1
