Change Component Designator: Old Designator=C1 New Designator=C?
Change Component Designator: Old Designator=C2 New Designator=C?
Change Component Designator: Old Designator=Cap_FilterEn New Designator=Cap_FilterEn?
Change Component Designator: Old Designator=Cap_FilterEn New Designator=Cap_FilterEn?
Change Component Designator: Old Designator=Cap_FilterEnOP New Designator=Cap_FilterEnOP?
Change Component Designator: Old Designator=Cap_FilterEnOP New Designator=Cap_FilterEnOP?
Change Component Designator: Old Designator=CBoot New Designator=CBoot?
Change Component Designator: Old Designator=Cena New Designator=Cena?
Change Component Designator: Old Designator=Cenb New Designator=Cenb?
Change Component Designator: Old Designator=D3 New Designator=D?
Change Component Designator: Old Designator=D4 New Designator=D?
Change Component Designator: Old Designator=EncoderLimit_R New Designator=EncoderLimit_R?
Change Component Designator: Old Designator=EncoderLimit_R New Designator=EncoderLimit_R?
Change Component Designator: Old Designator=EncoderPullUP New Designator=EncoderPullUP?
Change Component Designator: Old Designator=EncoderPullUP New Designator=EncoderPullUP?
Change Component Designator: Old Designator=Rena New Designator=Rena?
Change Component Designator: Old Designator=Renb New Designator=Renb?
Change Component Designator: Old Designator=Rp New Designator=Rp?
Change Component Designator: Old Designator=Schmitt_Trigger New Designator=Schmitt_Trigger?
Change Component Designator: Old Designator=U4 New Designator=U?
Change Component Designator: Old Designator=U5 New Designator=U?
Change Component Designator: Old Designator=VCP New Designator=VCP?
