Removed Member From Class: ClassName=Project_Board Member=DCMotor1
Change Component Designator: OldDesignator=ENC_A1 NewDesignator=ENC_L
Change Component Designator: OldDesignator=ENC_B1 NewDesignator=ENC_R
Added Component: Designator=DCL(HDR1X2)
Added Component: Designator=DCR(HDR1X2)
Change Net Name : Old Net Name=NetENC_A1_2 New Net Name=NetENC_L_2
Change Net Name : Old Net Name=NetENC_B1_2 New Net Name=NetENC_R_2
Added Pin To Net: NetName=NetDCL_1 Pin=DCL-1
Added Pin To Net: NetName=NetDCL_1 Pin=U4-9
Added Net: Name=NetDCL_1
Added Pin To Net: NetName=NetDCL_2 Pin=DCL-2
Added Pin To Net: NetName=NetDCL_2 Pin=U4-12
Added Net: Name=NetDCL_2
Added Pin To Net: NetName=NetDCR_1 Pin=DCR-1
Added Pin To Net: NetName=NetDCR_1 Pin=U4-3
Added Net: Name=NetDCR_1
Added Pin To Net: NetName=NetDCR_2 Pin=DCR-2
Added Pin To Net: NetName=NetDCR_2 Pin=U4-18
Added Net: Name=NetDCR_2
Added Member To Class: ClassName=Project_Board Member=Component DCL Header 2
Added Member To Class: ClassName=Project_Board Member=Component DCR Header 2
Added Room: Name=Project_Board
