Removed Pin From Net: NetName=NetC40_1 Pin=U?-1
Removed Pin From Net: NetName=NetFreescale_Processor1_5 Pin=U?-2
Removed Pin From Net: NetName=GND Pin=U?-7
Removed Pin From Net: NetName=5VA Pin=U?-14
Removed Member From Class: ClassName=3.3V_Reg Member=U?
Change Component Designator: OldDesignator=C24 NewDesignator=C26
Change Component Designator: OldDesignator=C25 NewDesignator=C27
Change Component Designator: OldDesignator=C26 NewDesignator=C28
Change Component Designator: OldDesignator=C27 NewDesignator=C24
Change Component Designator: OldDesignator=C28 NewDesignator=C25
Change Component Designator: OldDesignator=R26 NewDesignator=R29
Change Component Designator: OldDesignator=R27 NewDesignator=R31
Change Component Designator: OldDesignator=R29 NewDesignator=R27
Change Component Designator: OldDesignator=R30 NewDesignator=R26
Change Component Designator: OldDesignator=R31 NewDesignator=R30
Change Component Designator: OldDesignator=U? NewDesignator=U5
Added Pin To Net: NetName=MODC-BK Pin=Freescale_Processor1-15
Added Pin To Net: NetName=RESET Pin=Freescale_Processor1-30
Added Pin To Net: NetName=NetC40_1 Pin=U5-1
Added Pin To Net: NetName=NetFreescale_Processor1_5 Pin=U5-2
Added Pin To Net: NetName=GND Pin=U5-7
Added Pin To Net: NetName=5VA Pin=U5-14
Change Net Name : Old Net Name=NetC27_2 New Net Name=NetC24_2
Change Net Name : Old Net Name=NetC28_2 New Net Name=NetC25_2
