Removed Pin From Net: NetName=NetR7_1 Pin=R5-1
Removed Pin From Net: NetName=2.5VREF Pin=R5-2
Removed Pin From Net: NetName=2.5VREF Pin=R10-1
Removed Pin From Net: NetName=SERVO + VOLTAGE Pin=R10-2
Removed Pin From Net: NetName=GND Pin=U3-1
Removed Pin From Net: NetName=VIN Pin=U3-2
Removed Pin From Net: NetName=NetDCR1_1 Pin=U3-3
Removed Pin From Net: NetName=NetC37_2 Pin=U3-4
Removed Pin From Net: NetName=NetC34_1 Pin=U3-5
Removed Pin From Net: NetName=NetFreescale_Processor1_16 Pin=U3-6
Removed Pin From Net: NetName=NetFreescale_Processor1_18 Pin=U3-7
Removed Pin From Net: NetName=GND Pin=U3-8
Removed Pin From Net: NetName=NetDCL1_1 Pin=U3-9
Removed Pin From Net: NetName=GND Pin=U3-10
Removed Pin From Net: NetName=GND Pin=U3-11
Removed Pin From Net: NetName=NetDCL1_2 Pin=U3-12
Removed Pin From Net: NetName=GND Pin=U3-13
Removed Pin From Net: NetName=NetFreescale_Processor1_17 Pin=U3-14
Removed Pin From Net: NetName=NetFreescale_Processor1_19 Pin=U3-15
Removed Pin From Net: NetName=NetC39_2 Pin=U3-16
Removed Pin From Net: NetName=NetC40_2 Pin=U3-17
Removed Pin From Net: NetName=NetDCR1_2 Pin=U3-18
Removed Pin From Net: NetName=VIN Pin=U3-19
Removed Pin From Net: NetName=GND Pin=U3-20
Removed Member From Class: ClassName=DC_Motor Member=U3
Added Component: Designator=C34(CAPC2012X09M)
Added Component: Designator=C35(CAPACITOR_6.3MM)
Added Component: Designator=C42(CAPC2012X09M)
Added Component: Designator=R7(RESC2112X05M)
Added Component: Designator=R14(RESC2112X05M)
Added Component: Designator=R18(RESC2112X05M)
Added Component: Designator=R19(RESC2112X05M)
Added Component: Designator=U?(POWERSOP20)
Added Pin To Net: NetName=5VA Pin=C32-2
Added Pin To Net: NetName=VIN Pin=C33-1
Added Pin To Net: NetName=NetC34_1 Pin=C32-1
Added Pin To Net: NetName=GND Pin=C32-2
Added Pin To Net: NetName=VIN Pin=C33-1
Added Pin To Net: NetName=GND Pin=C33-2
Added Pin To Net: NetName=VIN Pin=C40-1
Added Pin To Net: NetName=NetC40_2 Pin=C40-2
Added Pin To Net: NetName=GND Pin=C40-1
Added Pin To Net: NetName=NetC42_2 Pin=C40-2
Added Pin To Net: NetName=NetFreescale_Processor1_4 Pin=R5-1
Added Pin To Net: NetName=NetR5_2 Pin=R5-2
Added Pin To Net: NetName=NetR7_1 Pin=R5-1
Added Pin To Net: NetName=2.5VREF Pin=R5-2
Added Pin To Net: NetName=NetR10_1 Pin=R10-1
Added Pin To Net: NetName=NetR8_1 Pin=R10-2
Added Pin To Net: NetName=2.5VREF Pin=R10-1
Added Pin To Net: NetName=SERVO + VOLTAGE Pin=R10-2
Added Pin To Net: NetName=NetCan_Bus1_4 Pin=R16-1
Added Pin To Net: NetName=SERVO + VOLTAGE Pin=R16-2
Added Pin To Net: NetName=NetCan_Bus1_1 Pin=R17-1
Added Pin To Net: NetName=SERVO + VOLTAGE Pin=R17-2
Added Pin To Net: NetName=NetCan_Bus1_7 Pin=R16-1
Added Pin To Net: NetName=NetC7_1 Pin=R16-2
Added Pin To Net: NetName=NetCan_Bus1_6 Pin=R17-1
Added Pin To Net: NetName=NetC6_1 Pin=R17-2
Added Pin To Net: NetName=GND Pin=U?-1
Added Pin To Net: NetName=VIN Pin=U?-2
Added Pin To Net: NetName=NetDCR1_1 Pin=U?-3
Added Pin To Net: NetName=NetC37_2 Pin=U?-4
Added Pin To Net: NetName=NetC34_1 Pin=U?-5
Added Pin To Net: NetName=NetFreescale_Processor1_16 Pin=U?-6
Added Pin To Net: NetName=NetFreescale_Processor1_18 Pin=U?-7
Added Pin To Net: NetName=GND Pin=U?-8
Added Pin To Net: NetName=NetDCL1_1 Pin=U?-9
Added Pin To Net: NetName=GND Pin=U?-10
Added Pin To Net: NetName=GND Pin=U?-11
Added Pin To Net: NetName=NetDCL1_2 Pin=U?-12
Added Pin To Net: NetName=GND Pin=U?-13
Added Pin To Net: NetName=NetFreescale_Processor1_17 Pin=U?-14
Added Pin To Net: NetName=NetFreescale_Processor1_19 Pin=U?-15
Added Pin To Net: NetName=NetC39_2 Pin=U?-16
Added Pin To Net: NetName=NetC40_2 Pin=U?-17
Added Pin To Net: NetName=NetDCR1_2 Pin=U?-18
Added Pin To Net: NetName=VIN Pin=U?-19
Added Pin To Net: NetName=GND Pin=U?-20
Added Member To Class: ClassName=DC_Motor Member=Component C34 Cap
Added Member To Class: ClassName=DC_Motor Member=Component C35 Cap Pol
Added Member To Class: ClassName=DC_Motor Member=Component C42 C1
Added Member To Class: ClassName=Accelerometer Member=Component R7 Res3
Added Member To Class: ClassName=Accelerometer Member=Component R14 Res3
Added Member To Class: ClassName=CanBus Member=Component R18 Res3
Added Member To Class: ClassName=CanBus Member=Component R19 Res3
Added Member To Class: ClassName=DC_Motor Member=Component U? L6225
