Removed Pin From Net: NetName=5VD Pin=MODE_A_Head1-3
Removed Pin From Net: NetName=5VD Pin=MODE_B_Head1-1
Removed Pin From Net: NetName=SPI_MOSI Pin=R27-1
Removed Pin From Net: NetName=5VD Pin=R27-2
Removed Pin From Net: NetName=SPI_SS Pin=R28-1
Removed Pin From Net: NetName=MODC-BK Pin=R30-1
Removed Pin From Net: NetName=5VD Pin=R30-2
Removed Pin From Net: NetName=RESET Pin=R32-1
Removed Pin From Net: NetName=5VD Pin=R32-2
Removed Pin From Net: NetName=5VD Pin=VRH_EN1-1
Removed Pin From Net: NetName=VRH Pin=VRH_EN1-2
Removed Pin From Net: NetName=VRL Pin=VRL_EN1-2
Removed Member From Class: ClassName=MC9S12 Member=MODE_A_Head1
Removed Member From Class: ClassName=MC9S12 Member=MODE_B_Head1
Change Component Designator: OldDesignator=C20 NewDesignator=C21
Change Component Designator: OldDesignator=C21 NewDesignator=C20
Change Component Designator: OldDesignator=C27 NewDesignator=C28
Change Component Designator: OldDesignator=C28 NewDesignator=C27
Change Component Designator: OldDesignator=I2C NewDesignator=I1
Change Component Designator: OldDesignator=R29 NewDesignator=R33
Change Component Designator: OldDesignator=R30 NewDesignator=R31
Change Component Designator: OldDesignator=R31 NewDesignator=R34
Change Component Designator: OldDesignator=R32 NewDesignator=R29
Change Component Designator: OldDesignator=R33 NewDesignator=R36
Change Component Designator: OldDesignator=R34 NewDesignator=R37
Change Component Designator: OldDesignator=R36 NewDesignator=R38
Change Component Designator: OldDesignator=R37 NewDesignator=R39
Change Component Designator: OldDesignator=R38 NewDesignator=R40
Change Component Designator: OldDesignator=R39 NewDesignator=R41
Change Component Designator: OldDesignator=R40 NewDesignator=R42
Change Component Designator: OldDesignator=R41 NewDesignator=R43
Change Component Designator: OldDesignator=R42 NewDesignator=R44
Change Component Designator: OldDesignator=R43 NewDesignator=R45
Change Component Designator: OldDesignator=R44 NewDesignator=R46
Change Component Designator: OldDesignator=R45 NewDesignator=R47
Change Component Designator: OldDesignator=R46 NewDesignator=R48
Change Component Designator: OldDesignator=R47 NewDesignator=R49
Change Component Designator: OldDesignator=R48 NewDesignator=R50
Change Component Designator: OldDesignator=R49 NewDesignator=R51
Change Component Designator: OldDesignator=R50 NewDesignator=R52
Change Component Designator: OldDesignator=R51 NewDesignator=R53
Change Component Designator: OldDesignator=R52 NewDesignator=R54
Change Component Designator: OldDesignator=R53 NewDesignator=R55
Change Component Designator: OldDesignator=R54 NewDesignator=R56
Change Component Designator: OldDesignator=R55 NewDesignator=R57
Change Component Designator: OldDesignator=R56 NewDesignator=R58
Change Component Designator: OldDesignator=R57_A NewDesignator=R59_A
Change Component Designator: OldDesignator=R57_D NewDesignator=R59_D
Change Component Designator: OldDesignator=R58_A NewDesignator=R60_A
Change Component Designator: OldDesignator=R58_D NewDesignator=R60_D
Change Component Designator: OldDesignator=R59_A NewDesignator=R61_A
Change Component Designator: OldDesignator=R59_D NewDesignator=R61_D
Change Component Designator: OldDesignator=V_AX NewDesignator=V_AX1
Change Component Designator: OldDesignator=V_DC NewDesignator=V_DC1
Added Component: Designator=NO_AUTO1(HDR1X2)
Added Component: Designator=R30(RESC2112X05M)
Added Component: Designator=R32(RESC2112X05M)
Added Pin To Net: NetName=5VD Pin=C21-1
Added Pin To Net: NetName=5VD Pin=C22-1
Added Pin To Net: NetName=5VD Pin=Freescale_Processor1-29
Added Pin To Net: NetName=5VD Pin=Freescale_Processor1-77
Added Pin To Net: NetName=5VD Pin=R27-1
Added Pin To Net: NetName=5VD Pin=R29-1
Added Pin To Net: NetName=RESET Pin=R29-2
Added Pin To Net: NetName=SPI_MOSI Pin=R27-1
Added Pin To Net: NetName=5VD Pin=R27-2
Added Pin To Net: NetName=5VD Pin=R31-1
Added Pin To Net: NetName=MODC-BK Pin=R31-2
Added Pin To Net: NetName=SPI_SS Pin=R28-1
Added Pin To Net: NetName=5VD Pin=R28-2
Added Pin To Net: NetName=5VD Pin=R34-2
Added Pin To Net: NetName=5VD Pin=R35-2
Added Pin To Net: NetName=VRH Pin=VRH_EN1-1
Added Pin To Net: NetName=5VD Pin=VRH_EN1-2
Added Pin To Net: NetName=VRL Pin=VRL_EN1-1
Change Net Name : Old Net Name=5VD New Net Name=VDDR
Change Net Name : Old Net Name=NetC21_2 New Net Name=NetC20_2
Change Net Name : Old Net Name=NetC23_2 New Net Name=VDD1
Change Net Name : Old Net Name=NetR37_2 New Net Name=NetR39_2
Change Net Name : Old Net Name=NetR39_1 New Net Name=NetR41_1
Change Net Name : Old Net Name=NetR56_2 New Net Name=NetR58_2
Change Net Name : Old Net Name=NetR57_A_1 New Net Name=NetR59_A_1
Change Net Name : Old Net Name=NetR57_D_1 New Net Name=NetR59_D_1
Change Net Name : Old Net Name=NetR59_A_2 New Net Name=NetR61_A_2
Change Net Name : Old Net Name=NetR59_D_2 New Net Name=NetR61_D_2
Added Pin To Net: NetName=IRQ Pin=Freescale_Processor1-39
Added Pin To Net: NetName=IRQ Pin=R27-2
Added Net: Name=IRQ
Added Pin To Net: NetName=XIRQ Pin=Freescale_Processor1-40
Added Pin To Net: NetName=XIRQ Pin=NO_AUTO1-2
Added Pin To Net: NetName=XIRQ Pin=R28-1
Added Net: Name=XIRQ
Added Member To Class: ClassName=MC9S12 Member=Component NO_AUTO1 Header 2
Added Member To Class: ClassName=MC9S12 Member=Component R36 Res3
Added Member To Class: ClassName=MC9S12 Member=Component R37 Res3
Added Room: Name=HD44780_LCD
