Change Component Designator: OldDesignator=12V_Aux NewDesignator=2
Change Component Designator: OldDesignator=12V_Dig NewDesignator=1
Change Component Designator: OldDesignator=C8 NewDesignator=C7
Change Component Designator: OldDesignator=C9 NewDesignator=C8
Change Component Designator: OldDesignator=C10 NewDesignator=C9
Change Component Designator: OldDesignator=C11 NewDesignator=C10
Change Component Designator: OldDesignator=C12 NewDesignator=C11
Change Component Designator: OldDesignator=C13 NewDesignator=C12
Change Component Designator: OldDesignator=C14 NewDesignator=C13
Change Component Designator: OldDesignator=C15 NewDesignator=C14
Change Component Designator: OldDesignator=C16 NewDesignator=C15
Change Component Designator: OldDesignator=C17 NewDesignator=C16
Change Component Designator: OldDesignator=C18 NewDesignator=C17
Change Component Designator: OldDesignator=C19 NewDesignator=C18
Change Component Designator: OldDesignator=C20 NewDesignator=C19
Change Component Designator: OldDesignator=C21 NewDesignator=C20
Change Component Designator: OldDesignator=C22 NewDesignator=C21
Change Component Designator: OldDesignator=C23 NewDesignator=C22
Change Component Designator: OldDesignator=C24 NewDesignator=C23
Change Component Designator: OldDesignator=C25 NewDesignator=C24
Change Component Designator: OldDesignator=C26 NewDesignator=C25
Change Component Designator: OldDesignator=C27 NewDesignator=C26
Change Component Designator: OldDesignator=C28 NewDesignator=C27
Change Component Designator: OldDesignator=C29 NewDesignator=C28
Change Component Designator: OldDesignator=C30 NewDesignator=C29
Change Component Designator: OldDesignator=C31 NewDesignator=C30
Change Component Designator: OldDesignator=C32 NewDesignator=C31
Change Component Designator: OldDesignator=C33 NewDesignator=C32
Change Component Designator: OldDesignator=C34 NewDesignator=C33
Change Component Designator: OldDesignator=C35 NewDesignator=C34
Change Component Designator: OldDesignator=C36 NewDesignator=C35
Change Component Designator: OldDesignator=C37 NewDesignator=C36
Change Component Designator: OldDesignator=C38 NewDesignator=C37
Change Component Designator: OldDesignator=C39 NewDesignator=C38
Change Component Designator: OldDesignator=C40 NewDesignator=C39
Change Component Designator: OldDesignator=C41 NewDesignator=C40
Change Component Designator: OldDesignator=C42 NewDesignator=C41
Change Component Designator: OldDesignator=C43 NewDesignator=C42
Change Component Designator: OldDesignator=C44 NewDesignator=C43
Change Component Designator: OldDesignator=C45_A NewDesignator=C44_A
Change Component Designator: OldDesignator=C45_D NewDesignator=C44_D
Change Component Designator: OldDesignator=C46_A NewDesignator=C45_A
Change Component Designator: OldDesignator=C46_D NewDesignator=C45_D
Change Component Designator: OldDesignator=C47_A NewDesignator=C46_A
Change Component Designator: OldDesignator=C47_D NewDesignator=C46_D
Change Component Designator: OldDesignator=C48_A NewDesignator=C47_A
Change Component Designator: OldDesignator=C48_D NewDesignator=C47_D
Change Component Designator: OldDesignator=CameraCon NewDesignator=CameraCon1
Change Component Designator: OldDesignator=DCL NewDesignator=DCL1
Change Component Designator: OldDesignator=DCR NewDesignator=DCR1
Change Component Designator: OldDesignator=ENC_L NewDesignator=ENC_L1
Change Component Designator: OldDesignator=ENC_R NewDesignator=ENC_R1
Change Component Designator: OldDesignator=I2C NewDesignator=I1
Change Component Designator: OldDesignator=R11 NewDesignator=R10
Change Component Designator: OldDesignator=R13 NewDesignator=R11
Change Component Designator: OldDesignator=R14 NewDesignator=R12
Change Component Designator: OldDesignator=R15 NewDesignator=R13
Change Component Designator: OldDesignator=R16 NewDesignator=R14
Change Component Designator: OldDesignator=R17 NewDesignator=R15
Change Component Designator: OldDesignator=R18 NewDesignator=R16
Change Component Designator: OldDesignator=R19 NewDesignator=R17
Change Component Designator: OldDesignator=R20 NewDesignator=R18
Change Component Designator: OldDesignator=R21 NewDesignator=R19
Change Component Designator: OldDesignator=R22 NewDesignator=R20
Change Component Designator: OldDesignator=R23 NewDesignator=R21
Change Component Designator: OldDesignator=R24 NewDesignator=R22
Change Component Designator: OldDesignator=R25 NewDesignator=R23
Change Component Designator: OldDesignator=R26 NewDesignator=R25
Change Component Designator: OldDesignator=R27 NewDesignator=R26
Change Component Designator: OldDesignator=R28 NewDesignator=R27
Change Component Designator: OldDesignator=R29 NewDesignator=R28
Change Component Designator: OldDesignator=R30 NewDesignator=R29
Change Component Designator: OldDesignator=R31 NewDesignator=R30
Change Component Designator: OldDesignator=R32 NewDesignator=R24
Change Component Designator: OldDesignator=R32 NewDesignator=R31
Change Component Designator: OldDesignator=R33 NewDesignator=R32
Change Component Designator: OldDesignator=R34 NewDesignator=R33
Change Component Designator: OldDesignator=R35 NewDesignator=R34
Change Component Designator: OldDesignator=R36 NewDesignator=R35
Change Component Designator: OldDesignator=R37 NewDesignator=R36
Change Component Designator: OldDesignator=R38 NewDesignator=R37
Change Component Designator: OldDesignator=R39 NewDesignator=R38
Change Component Designator: OldDesignator=R40 NewDesignator=R39
Change Component Designator: OldDesignator=R41 NewDesignator=R40
Change Component Designator: OldDesignator=R42 NewDesignator=R43
Change Component Designator: OldDesignator=R43 NewDesignator=R44
Change Component Designator: OldDesignator=R44 NewDesignator=R45
Change Component Designator: OldDesignator=R45 NewDesignator=R46
Change Component Designator: OldDesignator=R46 NewDesignator=R47
Change Component Designator: OldDesignator=R47 NewDesignator=R48
Change Component Designator: OldDesignator=R48 NewDesignator=R49
Change Component Designator: OldDesignator=R49 NewDesignator=R50
Change Component Designator: OldDesignator=R50 NewDesignator=R51
Change Component Designator: OldDesignator=R51 NewDesignator=R52
Change Component Designator: OldDesignator=R52 NewDesignator=R53
Change Component Designator: OldDesignator=R53 NewDesignator=R54
Change Component Designator: OldDesignator=R54 NewDesignator=R55
Change Component Designator: OldDesignator=R55 NewDesignator=R56
Change Component Designator: OldDesignator=R56_A NewDesignator=R57_A
Change Component Designator: OldDesignator=R56_D NewDesignator=R57_D
Change Component Designator: OldDesignator=R57_A NewDesignator=R58_A
Change Component Designator: OldDesignator=R57_D NewDesignator=R58_D
Change Component Designator: OldDesignator=R58_A NewDesignator=R59_A
Change Component Designator: OldDesignator=R58_D NewDesignator=R59_D
Change Component Designator: OldDesignator=R? NewDesignator=R41
Change Component Designator: OldDesignator=R? NewDesignator=R42
Change Component Designator: OldDesignator=ROMCTL NewDesignator=ROMCTL1
Change Net Name : Old Net Name=NetC9_1 New Net Name=NetC8_1
Change Net Name : Old Net Name=NetC10_1 New Net Name=NetC9_1
Change Net Name : Old Net Name=NetC11_2 New Net Name=NetC10_2
Change Net Name : Old Net Name=NetC21_1 New Net Name=NetC20_1
Change Net Name : Old Net Name=NetC22_2 New Net Name=NetC21_2
Change Net Name : Old Net Name=NetC23_1 New Net Name=NetC22_1
Change Net Name : Old Net Name=NetC24_2 New Net Name=NetC23_2
Change Net Name : Old Net Name=NetC25_2 New Net Name=NetC24_2
Change Net Name : Old Net Name=NetC26_2 New Net Name=NetC25_2
Change Net Name : Old Net Name=NetC31_1 New Net Name=NetC30_1
Change Net Name : Old Net Name=NetC31_2 New Net Name=NetC30_2
Change Net Name : Old Net Name=NetC32_1 New Net Name=NetC31_1
Change Net Name : Old Net Name=NetC33_1 New Net Name=NetC32_1
Change Net Name : Old Net Name=NetC33_2 New Net Name=NetC32_2
Change Net Name : Old Net Name=NetC34_2 New Net Name=NetC33_2
Change Net Name : Old Net Name=NetC35_1 New Net Name=NetC34_1
Change Net Name : Old Net Name=NetC38_2 New Net Name=NetC37_2
Change Net Name : Old Net Name=NetC39_2 New Net Name=NetC38_2
Change Net Name : Old Net Name=NetC40_2 New Net Name=NetC39_2
Change Net Name : Old Net Name=NetC41_1 New Net Name=NetC40_1
Change Net Name : Old Net Name=NetC42_1 New Net Name=NetC41_1
Change Net Name : Old Net Name=NetC47_A_1 New Net Name=NetC46_A_1
Change Net Name : Old Net Name=NetC47_A_2 New Net Name=NetC46_A_2
Change Net Name : Old Net Name=NetC47_D_1 New Net Name=NetC46_D_1
Change Net Name : Old Net Name=NetC47_D_2 New Net Name=NetC46_D_2
Change Net Name : Old Net Name=NetDCL_1 New Net Name=NetDCL1_1
Change Net Name : Old Net Name=NetDCL_2 New Net Name=NetDCL1_2
Change Net Name : Old Net Name=NetDCR_1 New Net Name=NetDCR1_1
Change Net Name : Old Net Name=NetDCR_2 New Net Name=NetDCR1_2
Change Net Name : Old Net Name=NetENC_L_2 New Net Name=NetENC_L1_2
Change Net Name : Old Net Name=NetENC_R_2 New Net Name=NetENC_R1_2
Change Net Name : Old Net Name=NetR23_1 New Net Name=NetR21_1
Change Net Name : Old Net Name=NetR38_2 New Net Name=NetR37_2
Change Net Name : Old Net Name=NetR40_1 New Net Name=NetR39_1
Change Net Name : Old Net Name=NetR55_2 New Net Name=NetR56_2
Change Net Name : Old Net Name=NetR56_A_1 New Net Name=NetR57_A_1
Change Net Name : Old Net Name=NetR56_D_1 New Net Name=NetR57_D_1
Change Net Name : Old Net Name=NetR58_A_2 New Net Name=NetR59_A_2
Change Net Name : Old Net Name=NetR58_D_2 New Net Name=NetR59_D_2
Added Member To Class: ClassName=MC9S12 Member=Component R24 Res3
Added Member To Class: ClassName=Project_Board Member=Component R42 Res3
