Removed Pin From Net: NetName=NetC34_1 Pin=C32-1
Removed Pin From Net: NetName=GND Pin=C32-2
Removed Pin From Net: NetName=GND Pin=C33-2
Removed Pin From Net: NetName=GND Pin=C40-1
Removed Pin From Net: NetName=NetC42_2 Pin=C40-2
Removed Pin From Net: NetName=NetHD1_3 Pin=P1-2
Removed Pin From Net: NetName=NetR7_1 Pin=R5-1
Removed Pin From Net: NetName=2.5VREF Pin=R5-2
Removed Pin From Net: NetName=2.5VREF Pin=R10-1
Removed Pin From Net: NetName=VDDA Pin=R10-2
Removed Pin From Net: NetName=NetCan_Bus1_7 Pin=R16-1
Removed Pin From Net: NetName=NetC7_1 Pin=R16-2
Removed Pin From Net: NetName=NetCan_Bus1_6 Pin=R17-1
Removed Pin From Net: NetName=NetC6_1 Pin=R17-2
Removed Pin From Net: NetName=RESET Pin=R33-2
Removed Pin From Net: NetName=SPI_MOSI Pin=R34-1
Added Component: Designator=C34(CAPC2012X09M)
Added Component: Designator=C35(CAPACITOR_6.3MM)
Added Component: Designator=C42(CAPC2012X09M)
Added Component: Designator=P2(BOURNS_3386F)
Added Component: Designator=R7(RESC2112X05M)
Added Component: Designator=R14(RESC2112X05M)
Added Component: Designator=R18(RESC2112X05M)
Added Component: Designator=R19(RESC2112X05M)
Added Component: Designator=R35(RESC2112X05M)
Added Component: Designator=R36(RESC2112X05M)
Added Pin To Net: NetName=5VA Pin=C32-2
Added Pin To Net: NetName=NetC34_1 Pin=C32-1
Added Pin To Net: NetName=GND Pin=C32-2
Added Pin To Net: NetName=VIN Pin=C33-1
Added Pin To Net: NetName=GND Pin=C33-2
Added Pin To Net: NetName=VIN Pin=C40-1
Added Pin To Net: NetName=NetC40_2 Pin=C40-2
Added Pin To Net: NetName=GND Pin=C40-1
Added Pin To Net: NetName=NetC42_2 Pin=C40-2
Added Pin To Net: NetName=NetP1_2 Pin=P1-2
Added Pin To Net: NetName=NetHD1_3 Pin=P1-2
Added Pin To Net: NetName=VDDA Pin=P1-3
Added Pin To Net: NetName=NetFreescale_Processor1_4 Pin=R5-1
Added Pin To Net: NetName=NetR5_2 Pin=R5-2
Added Pin To Net: NetName=NetR7_1 Pin=R5-1
Added Pin To Net: NetName=2.5VREF Pin=R5-2
Added Pin To Net: NetName=NetR10_1 Pin=R10-1
Added Pin To Net: NetName=NetR8_1 Pin=R10-2
Added Pin To Net: NetName=2.5VREF Pin=R10-1
Added Pin To Net: NetName=VDDA Pin=R10-2
Added Pin To Net: NetName=NetCan_Bus1_4 Pin=R16-1
Added Pin To Net: NetName=VDDA Pin=R16-2
Added Pin To Net: NetName=NetCan_Bus1_1 Pin=R17-1
Added Pin To Net: NetName=VDDA Pin=R17-2
Added Pin To Net: NetName=NetCan_Bus1_7 Pin=R16-1
Added Pin To Net: NetName=NetC7_1 Pin=R16-2
Added Pin To Net: NetName=NetCan_Bus1_6 Pin=R17-1
Added Pin To Net: NetName=NetC6_1 Pin=R17-2
Added Pin To Net: NetName=IRQ Pin=R33-2
Added Pin To Net: NetName=XIRQ Pin=R34-1
Added Pin To Net: NetName=VDDA Pin=R33-1
Added Pin To Net: NetName=RESET Pin=R33-2
Added Pin To Net: NetName=SPI_MOSI Pin=R34-1
Added Pin To Net: NetName=VDDA Pin=R34-2
Added Member To Class: ClassName=DC_Motor Member=Component C34 Cap
Added Member To Class: ClassName=DC_Motor Member=Component C35 Cap Pol
Added Member To Class: ClassName=DC_Motor Member=Component C42 C1
Added Member To Class: ClassName=Accelerometer Member=Component R7 Res3
Added Member To Class: ClassName=Accelerometer Member=Component R14 Res3
Added Member To Class: ClassName=CanBus Member=Component R18 Res3
Added Member To Class: ClassName=CanBus Member=Component R19 Res3
Added Member To Class: ClassName=MC9S12 Member=Component R35 Res3
Added Member To Class: ClassName=MC9S12 Member=Component R36 Res3
