Added Component: Designator=A_Out1(HDR1X3)
Added Component: Designator=ACC1(HDR1X4)
Added Component: Designator=AR_AD2(HDR1X6)
Added Component: Designator=AR_DIG3(HDR1X10)
Added Component: Designator=AR_DIG4(HDR1X8)
Added Component: Designator=AR_PWR2(HDR1X8)
Added Component: Designator=BDM_PORT1(HDR3X2)
Added Component: Designator=C1(CAPC2012X09M)
Added Component: Designator=C2(CAPC2012X09M)
Added Component: Designator=C3(CAPC2012X09M)
Added Component: Designator=C4(CAPC2012X09M)
Added Component: Designator=C5(CAPC2012X09M)
Added Component: Designator=C6(CAPC2012X09M)
Added Component: Designator=C7(CAPC2012X09M)
Added Component: Designator=C8(CAPC2012X09M)
Added Component: Designator=C9(CAPC2012X09M)
Added Component: Designator=C10(CAPC2012X09M)
Added Component: Designator=C11(CAPC2012X09M)
Added Component: Designator=C12(CAPC2012X09M)
Added Component: Designator=C13(CAPC2012X09M)
Added Component: Designator=C14(CAPC2012X09M)
Added Component: Designator=C15(CAPC2012X09M)
Added Component: Designator=C16(CAPC2012X09M)
Added Component: Designator=C17(CAPC2012X09M)
Added Component: Designator=C18(CAPC2012X09M)
Added Component: Designator=C19(CAPC2012X09M)
Added Component: Designator=C20(CAPACITOR_3MM)
Added Component: Designator=C21(CAPC2012X09M)
Added Component: Designator=C22(CAPACITOR_3MM)
Added Component: Designator=C23(CAPC2012X09M)
Added Component: Designator=C24(CAPC2012X09M)
Added Component: Designator=C25(CAPACITOR_3MM)
Added Component: Designator=C26(CAPC2012X09M)
Added Component: Designator=C27(CAPC2012X09M)
Added Component: Designator=C28(CAPC2012X09M)
Added Component: Designator=C29(CAPC2012X09M)
Added Component: Designator=C30(CAPC2012X09M)
Added Component: Designator=C31(CAPC2012X09M)
Added Component: Designator=C32(CAPC2012X09M)
Added Component: Designator=C33(CAPC2012X09M)
Added Component: Designator=C34(CAPC2012X09M)
Added Component: Designator=C35(CAPACITOR_6.3MM)
Added Component: Designator=C36(CAPC2012X09M)
Added Component: Designator=C37(CAPC2012X09M)
Added Component: Designator=C38(CAPC2012X09M)
Added Component: Designator=C39(CAPC2012X09M)
Added Component: Designator=C40(CAPC2012X09M)
Added Component: Designator=C41(CAPC2012X09M)
Added Component: Designator=C42(C1210)
Added Component: Designator=C43(C1210)
Added Component: Designator=C44_A(C1210)
Added Component: Designator=C44_D(C1210)
Added Component: Designator=C45_A(CAPC2012X09M)
Added Component: Designator=C45_D(CAPC2012X09M)
Added Component: Designator=C46_A(CAPC2012X09M)
Added Component: Designator=C46_D(CAPC2012X09M)
Added Component: Designator=C47_A(C1210)
Added Component: Designator=C47_D(C1210)
Added Component: Designator=Can_Bus1(SOIC127P600X175-8M)
Added Component: Designator=CanBus1(HDR1X3)
Added Component: Designator=CBoot1(CAPC2012X09M)
Added Component: Designator=CFil_1(CAPC2012X09M)
Added Component: Designator=CFil_2(CAPC2012X09M)
Added Component: Designator=CTS_RTS1(HDR1X2)
Added Component: Designator=D1(zener_sod323)
Added Component: Designator=D2(zener_sod323)
Added Component: Designator=D3(zener_sod323)
Added Component: Designator=D4(zener_sod323)
Added Component: Designator=D5(zener_sod323)
Added Component: Designator=D6(3.2X1.6X1.1)
Added Component: Designator=D7(3.2X1.6X1.1)
Added Component: Designator=D8(zener_sod323)
Added Component: Designator=D9(zener_sod323)
Added Component: Designator=D10_A(DIOM4326X23M)
Added Component: Designator=D10_D(DIOM4326X23M)
Added Component: Designator=DCMotor1(HDR1X4)
Added Component: Designator=ENC_A1(HDR1X4)
Added Component: Designator=ENC_B1(HDR1X4)
Added Component: Designator=Freescale_Processor1(QUAD.65M/80/WG17.45-HCS12)
Added Component: Designator=HD1(HDR1X16_LCD)
Added Component: Designator=Jack_On1(KLD-0202)
Added Component: Designator=L2_A(INDP8080X40M)
Added Component: Designator=L2_D(INDP8080X40M)
Added Component: Designator=MAX1(TSOP65P490X110-8M)
Added Component: Designator=MAX2(NSO16_N)
Added Component: Designator=MODE_A_Head1(HDR1X3)
Added Component: Designator=MODE_B_Head1(HDR1X3)
Added Component: Designator=P1(BOURNS_3386F)
Added Component: Designator=R1(RESC2112X05M)
Added Component: Designator=R2(RESC2112X05M)
Added Component: Designator=R3(RESC2112X05M)
Added Component: Designator=R4(RESC2112X05M)
Added Component: Designator=R5(RESC2112X05M)
Added Component: Designator=R6(RESC2112X05M)
Added Component: Designator=R7(RESC2112X05M)
Added Component: Designator=R8(RESC2112X05M)
Added Component: Designator=R9(RESC2112X05M)
Added Component: Designator=R10(RESC2112X05M)
Added Component: Designator=R11(RESC2112X05M)
Added Component: Designator=R12(RESC2112X05M)
Added Component: Designator=R13(RESC2112X05M)
Added Component: Designator=R14(RESC2112X05M)
Added Component: Designator=R15(RESC2112X05M)
Added Component: Designator=R16(RESC2112X05M)
Added Component: Designator=R17(RESC2112X05M)
Added Component: Designator=R18(RESC2112X05M)
Added Component: Designator=R19(RESC2112X05M)
Added Component: Designator=R20(RESC2112X05M)
Added Component: Designator=R21(RESC2112X05M)
Added Component: Designator=R22(RESC2112X05M)
Added Component: Designator=R23(RESC2112X05M)
Added Component: Designator=R24(RESC2112X05M)
Added Component: Designator=R25(RESC2112X05M)
Added Component: Designator=R26(RESC2112X05M)
Added Component: Designator=R27(RESC2112X05M)
Added Component: Designator=R28(RESC2112X05M)
Added Component: Designator=R31(RESC2112X05M)
Added Component: Designator=R32(RESC2112X05M)
Added Component: Designator=R33(RESC2112X05M)
Added Component: Designator=R34(RESC2112X05M)
Added Component: Designator=R35(RESC2112X05M)
Added Component: Designator=R36(RESC2112X05M)
Added Component: Designator=R37(RESC2112X05M)
Added Component: Designator=R38(RESC2112X05M)
Added Component: Designator=R39(RESC2112X05M)
Added Component: Designator=R40(RESC2112X05M)
Added Component: Designator=R41(RESC2112X05M)
Added Component: Designator=R42(RESC2112X05M)
Added Component: Designator=R43(RESC2112X05M)
Added Component: Designator=R44(RESC2112X05M)
Added Component: Designator=R45(RESC2112X05M)
Added Component: Designator=R46(RESC2112X05M)
Added Component: Designator=R47(RESC2112X05M)
Added Component: Designator=R48(RESC2112X05M)
Added Component: Designator=R49(RESC2112X05M)
Added Component: Designator=R50(RESC2112X05M)
Added Component: Designator=R51(RESC2112X05M)
Added Component: Designator=R52(RESC2112X05M)
Added Component: Designator=R53(RESC2112X05M)
Added Component: Designator=R54_A(RESC2112X05M)
Added Component: Designator=R54_D(RESC2112X05M)
Added Component: Designator=R55_A(RESC2112X05M)
Added Component: Designator=R55_D(RESC2112X05M)
Added Component: Designator=R56_A(RESC2112X05M)
Added Component: Designator=R56_D(RESC2112X05M)
Added Component: Designator=R_ICANH1(RESC2112X05M)
Added Component: Designator=R_ICANL1(RESC2112X05M)
Added Component: Designator=RC_R1(RESC2112X05M)
Added Component: Designator=RC_R2(RESC2112X05M)
Added Component: Designator=RC_T1(SOT95P230X110-3M)
Added Component: Designator=RC_T2(SOT95P230X110-3M)
Added Component: Designator=Rp1(RESC2112X05M)
Added Component: Designator=RS1(DSUB1.385-2H9)
Added Component: Designator=Schmitt_Trigger1(SOIC127P600X175-14M)
Added Component: Designator=ServoMotor1(HDR1X2)
Added Component: Designator=Slave_Select1(HDR1X2)
Added Component: Designator=SM_H1(SO20_N)
Added Component: Designator=SMPS-A1_A(MRA08B_L)
Added Component: Designator=SMPS-A1_D(MRA08B_L)
Added Component: Designator=SPI_OUT1(HDR1X4)
Added Component: Designator=StepperMotor1(HDR1X4)
Added Component: Designator=T1(SOT95P230X110-3M)
Added Component: Designator=T2(SOT95P230X110-3M)
Added Component: Designator=T3(SOT95P230X110-3M)
Added Component: Designator=U1(LGA-14-3X5MM)
Added Component: Designator=U2(SOIC127P600X175-14M-NS)
Added Component: Designator=U4(POWERSOP20)
Added Component: Designator=U5(SOIC127P600X175-14M)
Added Component: Designator=VCC_Filter1(C1210)
Added Component: Designator=VCP1(CAPC2012X09M)
Added Component: Designator=VRH_EN1(HDR1X2)
Added Component: Designator=VRL_EN1(HDR1X2)
Added Pin To Net: NetName=NetA_Out1_1 Pin=A_Out1-1
Added Pin To Net: NetName=NetA_Out1_2 Pin=A_Out1-2
Added Pin To Net: NetName=NetA_Out1_3 Pin=A_Out1-3
Added Pin To Net: NetName=NetACC1_1 Pin=ACC1-1
Added Pin To Net: NetName=NetACC1_2 Pin=ACC1-2
Added Pin To Net: NetName=NetACC1_3 Pin=ACC1-3
Added Pin To Net: NetName=NetACC1_4 Pin=ACC1-4
Added Pin To Net: NetName=AD4 Pin=AR_AD2-1
Added Pin To Net: NetName=AD3 Pin=AR_AD2-2
Added Pin To Net: NetName=AD2 Pin=AR_AD2-3
Added Pin To Net: NetName=AD1 Pin=AR_AD2-4
Added Pin To Net: NetName=AD0 Pin=AR_AD2-5
Added Pin To Net: NetName=GND Pin=AR_DIG3-4
Added Pin To Net: NetName=SPI_SCK Pin=AR_DIG3-5
Added Pin To Net: NetName=SPI_MOSI Pin=AR_DIG3-6
Added Pin To Net: NetName=SPI_MISO Pin=AR_DIG3-7
Added Pin To Net: NetName=SPI_SS Pin=AR_DIG3-8
Added Pin To Net: NetName=PA1 Pin=AR_DIG3-9
Added Pin To Net: NetName=PA0 Pin=AR_DIG3-10
Added Pin To Net: NetName=PB7 Pin=AR_DIG4-1
Added Pin To Net: NetName=PB6 Pin=AR_DIG4-2
Added Pin To Net: NetName=PB5 Pin=AR_DIG4-3
Added Pin To Net: NetName=PB4 Pin=AR_DIG4-4
Added Pin To Net: NetName=PA3 Pin=AR_DIG4-5
Added Pin To Net: NetName=PA2 Pin=AR_DIG4-6
Added Pin To Net: NetName=3.3VD Pin=AR_PWR2-4
Added Pin To Net: NetName=5VD Pin=AR_PWR2-5
Added Pin To Net: NetName=GND Pin=AR_PWR2-6
Added Pin To Net: NetName=GND Pin=AR_PWR2-7
Added Pin To Net: NetName=NetBDM_PORT1_1 Pin=BDM_PORT1-1
Added Pin To Net: NetName=GND Pin=BDM_PORT1-2
Added Pin To Net: NetName=NetBDM_PORT1_4 Pin=BDM_PORT1-4
Added Pin To Net: NetName=5VD Pin=BDM_PORT1-6
Added Pin To Net: NetName=NetACC1_3 Pin=C1-1
Added Pin To Net: NetName=GND Pin=C1-2
Added Pin To Net: NetName=NetACC1_2 Pin=C2-1
Added Pin To Net: NetName=GND Pin=C2-2
Added Pin To Net: NetName=NetACC1_1 Pin=C3-1
Added Pin To Net: NetName=GND Pin=C3-2
Added Pin To Net: NetName=GND Pin=C4-1
Added Pin To Net: NetName=5VD Pin=C4-2
Added Pin To Net: NetName=GND Pin=C5-1
Added Pin To Net: NetName=2.5VREF Pin=C5-2
Added Pin To Net: NetName=GND Pin=C6-1
Added Pin To Net: NetName=2.5VREF Pin=C6-2
Added Pin To Net: NetName=GND Pin=C7-1
Added Pin To Net: NetName=2.5VREF Pin=C7-2
Added Pin To Net: NetName=NetC8_1 Pin=C8-1
Added Pin To Net: NetName=GND Pin=C8-2
Added Pin To Net: NetName=NetC9_1 Pin=C9-1
Added Pin To Net: NetName=GND Pin=C9-2
Added Pin To Net: NetName=VDDPLL Pin=C10-1
Added Pin To Net: NetName=NetC10_2 Pin=C10-2
Added Pin To Net: NetName=GND Pin=C11-1
Added Pin To Net: NetName=5VD Pin=C11-2
Added Pin To Net: NetName=GND Pin=C12-1
Added Pin To Net: NetName=5VD Pin=C12-2
Added Pin To Net: NetName=GND Pin=C13-1
Added Pin To Net: NetName=5VD Pin=C13-2
Added Pin To Net: NetName=GND Pin=C14-1
Added Pin To Net: NetName=5VD Pin=C14-2
Added Pin To Net: NetName=GND Pin=C15-1
Added Pin To Net: NetName=5VD Pin=C15-2
Added Pin To Net: NetName=GND Pin=C16-1
Added Pin To Net: NetName=5VD Pin=C16-2
Added Pin To Net: NetName=VDDPLL Pin=C17-1
Added Pin To Net: NetName=XFC Pin=C17-2
Added Pin To Net: NetName=GND Pin=C18-1
Added Pin To Net: NetName=VDDPLL Pin=C18-2
Added Pin To Net: NetName=GND Pin=C19-1
Added Pin To Net: NetName=VDDPLL Pin=C19-2
Added Pin To Net: NetName=NetC20_1 Pin=C20-1
Added Pin To Net: NetName=GND Pin=C20-2
Added Pin To Net: NetName=GND Pin=C21-1
Added Pin To Net: NetName=NetC21_2 Pin=C21-2
Added Pin To Net: NetName=NetC22_1 Pin=C22-1
Added Pin To Net: NetName=GND Pin=C22-2
Added Pin To Net: NetName=GND Pin=C23-1
Added Pin To Net: NetName=NetC23_2 Pin=C23-2
Added Pin To Net: NetName=NetC24_1 Pin=C24-1
Added Pin To Net: NetName=NetC24_2 Pin=C24-2
Added Pin To Net: NetName=5VD Pin=C25-1
Added Pin To Net: NetName=GND Pin=C25-2
Added Pin To Net: NetName=GND Pin=C26-1
Added Pin To Net: NetName=5VD Pin=C26-2
Added Pin To Net: NetName=GND Pin=C27-1
Added Pin To Net: NetName=NetC27_2 Pin=C27-2
Added Pin To Net: NetName=GND Pin=C28-1
Added Pin To Net: NetName=NetC28_2 Pin=C28-2
Added Pin To Net: NetName=5VD Pin=C29-1
Added Pin To Net: NetName=GND Pin=C29-2
Added Pin To Net: NetName=NetC30_1 Pin=C30-1
Added Pin To Net: NetName=NetC30_2 Pin=C30-2
Added Pin To Net: NetName=NetC31_1 Pin=C31-1
Added Pin To Net: NetName=GND Pin=C31-2
Added Pin To Net: NetName=NetC32_1 Pin=C32-1
Added Pin To Net: NetName=NetC32_2 Pin=C32-2
Added Pin To Net: NetName=GND Pin=C33-1
Added Pin To Net: NetName=NetC33_2 Pin=C33-2
Added Pin To Net: NetName=NetC34_1 Pin=C34-1
Added Pin To Net: NetName=GND Pin=C34-2
Added Pin To Net: NetName=VIN Pin=C35-1
Added Pin To Net: NetName=GND Pin=C35-2
Added Pin To Net: NetName=GND Pin=C36-1
Added Pin To Net: NetName=VIN Pin=C36-2
Added Pin To Net: NetName=GND Pin=C37-1
Added Pin To Net: NetName=NetC37_2 Pin=C37-2
Added Pin To Net: NetName=GND Pin=C38-1
Added Pin To Net: NetName=NetC38_2 Pin=C38-2
Added Pin To Net: NetName=GND Pin=C39-1
Added Pin To Net: NetName=NetC39_2 Pin=C39-2
Added Pin To Net: NetName=NetC40_1 Pin=C40-1
Added Pin To Net: NetName=GND Pin=C40-2
Added Pin To Net: NetName=NetC41_1 Pin=C41-1
Added Pin To Net: NetName=GND Pin=C41-2
Added Pin To Net: NetName=GND Pin=C42-1
Added Pin To Net: NetName=3.3VD Pin=C42-2
Added Pin To Net: NetName=GND Pin=C43-1
Added Pin To Net: NetName=5VD Pin=C43-2
Added Pin To Net: NetName=VIN Pin=C44_A-1
Added Pin To Net: NetName=GND Pin=C44_A-2
Added Pin To Net: NetName=VIN Pin=C44_D-1
Added Pin To Net: NetName=GND Pin=C44_D-2
Added Pin To Net: NetName=VIN Pin=C45_A-1
Added Pin To Net: NetName=GND Pin=C45_A-2
Added Pin To Net: NetName=VIN Pin=C45_D-1
Added Pin To Net: NetName=GND Pin=C45_D-2
Added Pin To Net: NetName=NetC46_A_1 Pin=C46_A-1
Added Pin To Net: NetName=NetC46_A_2 Pin=C46_A-2
Added Pin To Net: NetName=NetC46_D_1 Pin=C46_D-1
Added Pin To Net: NetName=NetC46_D_2 Pin=C46_D-2
Added Pin To Net: NetName=GND Pin=C47_A-1
Added Pin To Net: NetName=5VA Pin=C47_A-2
Added Pin To Net: NetName=GND Pin=C47_D-1
Added Pin To Net: NetName=5VD Pin=C47_D-2
Added Pin To Net: NetName=NetCan_Bus1_1 Pin=Can_Bus1-1
Added Pin To Net: NetName=GND Pin=Can_Bus1-2
Added Pin To Net: NetName=5VD Pin=Can_Bus1-3
Added Pin To Net: NetName=NetCan_Bus1_4 Pin=Can_Bus1-4
Added Pin To Net: NetName=NetCan_Bus1_5 Pin=Can_Bus1-5
Added Pin To Net: NetName=NetCan_Bus1_6 Pin=Can_Bus1-6
Added Pin To Net: NetName=NetCan_Bus1_7 Pin=Can_Bus1-7
Added Pin To Net: NetName=NetCan_Bus1_8 Pin=Can_Bus1-8
Added Pin To Net: NetName=NetCan_Bus1_6 Pin=CanBus1-1
Added Pin To Net: NetName=NetCan_Bus1_7 Pin=CanBus1-2
Added Pin To Net: NetName=NetCan_Bus1_5 Pin=CanBus1-3
Added Pin To Net: NetName=VIN Pin=CBoot1-1
Added Pin To Net: NetName=NetCBoot1_2 Pin=CBoot1-2
Added Pin To Net: NetName=3.3VD Pin=CFil_1-1
Added Pin To Net: NetName=GND Pin=CFil_1-2
Added Pin To Net: NetName=3.3VD Pin=CFil_2-1
Added Pin To Net: NetName=GND Pin=CFil_2-2
Added Pin To Net: NetName=NetCTS_RTS1_1 Pin=CTS_RTS1-1
Added Pin To Net: NetName=NetCTS_RTS1_2 Pin=CTS_RTS1-2
Added Pin To Net: NetName=GND Pin=D1-A
Added Pin To Net: NetName=NetD1_K Pin=D1-K
Added Pin To Net: NetName=GND Pin=D2-A
Added Pin To Net: NetName=NetD2_K Pin=D2-K
Added Pin To Net: NetName=GND Pin=D3-A
Added Pin To Net: NetName=NetD3_K Pin=D3-K
Added Pin To Net: NetName=GND Pin=D4-A
Added Pin To Net: NetName=NetD4_K Pin=D4-K
Added Pin To Net: NetName=NetBDM_PORT1_4 Pin=D5-A
Added Pin To Net: NetName=NetD5_K Pin=D5-K
Added Pin To Net: NetName=NetD6_1 Pin=D6-1
Added Pin To Net: NetName=NetD7_1 Pin=D7-1
Added Pin To Net: NetName=VIN Pin=D8-A
Added Pin To Net: NetName=NetCBoot1_2 Pin=D9-K
Added Pin To Net: NetName=NetC46_A_1 Pin=D10_A-1
Added Pin To Net: NetName=GND Pin=D10_A-2
Added Pin To Net: NetName=NetC46_D_1 Pin=D10_D-1
Added Pin To Net: NetName=GND Pin=D10_D-2
Added Pin To Net: NetName=NetDCMotor1_1 Pin=DCMotor1-1
Added Pin To Net: NetName=NetDCMotor1_2 Pin=DCMotor1-2
Added Pin To Net: NetName=NetDCMotor1_3 Pin=DCMotor1-3
Added Pin To Net: NetName=NetDCMotor1_4 Pin=DCMotor1-4
Added Pin To Net: NetName=NetC38_2 Pin=ENC_A1-1
Added Pin To Net: NetName=NetENC_A1_2 Pin=ENC_A1-2
Added Pin To Net: NetName=GND Pin=ENC_A1-3
Added Pin To Net: NetName=NetC40_1 Pin=ENC_A1-4
Added Pin To Net: NetName=NetC39_2 Pin=ENC_B1-1
Added Pin To Net: NetName=NetENC_B1_2 Pin=ENC_B1-2
Added Pin To Net: NetName=GND Pin=ENC_B1-3
Added Pin To Net: NetName=NetC41_1 Pin=ENC_B1-4
Added Pin To Net: NetName=NetFreescale_Processor1_1 Pin=Freescale_Processor1-1
Added Pin To Net: NetName=NetFreescale_Processor1_2 Pin=Freescale_Processor1-2
Added Pin To Net: NetName=NetFreescale_Processor1_3 Pin=Freescale_Processor1-3
Added Pin To Net: NetName=NetFreescale_Processor1_4 Pin=Freescale_Processor1-4
Added Pin To Net: NetName=NetFreescale_Processor1_5 Pin=Freescale_Processor1-5
Added Pin To Net: NetName=NetFreescale_Processor1_6 Pin=Freescale_Processor1-6
Added Pin To Net: NetName=NetFreescale_Processor1_7 Pin=Freescale_Processor1-7
Added Pin To Net: NetName=NetFreescale_Processor1_8 Pin=Freescale_Processor1-8
Added Pin To Net: NetName=NetC23_2 Pin=Freescale_Processor1-9
Added Pin To Net: NetName=GND Pin=Freescale_Processor1-10
Added Pin To Net: NetName=NetFreescale_Processor1_11 Pin=Freescale_Processor1-11
Added Pin To Net: NetName=NetFreescale_Processor1_12 Pin=Freescale_Processor1-12
Added Pin To Net: NetName=NetFreescale_Processor1_13 Pin=Freescale_Processor1-13
Added Pin To Net: NetName=NetFreescale_Processor1_14 Pin=Freescale_Processor1-14
Added Pin To Net: NetName=NetBDM_PORT1_1 Pin=Freescale_Processor1-15
Added Pin To Net: NetName=NetFreescale_Processor1_16 Pin=Freescale_Processor1-16
Added Pin To Net: NetName=NetFreescale_Processor1_17 Pin=Freescale_Processor1-17
Added Pin To Net: NetName=NetFreescale_Processor1_18 Pin=Freescale_Processor1-18
Added Pin To Net: NetName=NetFreescale_Processor1_19 Pin=Freescale_Processor1-19
Added Pin To Net: NetName=PB4 Pin=Freescale_Processor1-20
Added Pin To Net: NetName=PB5 Pin=Freescale_Processor1-21
Added Pin To Net: NetName=PB6 Pin=Freescale_Processor1-22
Added Pin To Net: NetName=PB7 Pin=Freescale_Processor1-23
Added Pin To Net: NetName=NetFreescale_Processor1_24 Pin=Freescale_Processor1-24
Added Pin To Net: NetName=MODB Pin=Freescale_Processor1-25
Added Pin To Net: NetName=MODA Pin=Freescale_Processor1-26
Added Pin To Net: NetName=NetFreescale_Processor1_27 Pin=Freescale_Processor1-27
Added Pin To Net: NetName=GND Pin=Freescale_Processor1-28
Added Pin To Net: NetName=NetC20_1 Pin=Freescale_Processor1-29
Added Pin To Net: NetName=NetBDM_PORT1_4 Pin=Freescale_Processor1-30
Added Pin To Net: NetName=VDDPLL Pin=Freescale_Processor1-31
Added Pin To Net: NetName=XFC Pin=Freescale_Processor1-32
Added Pin To Net: NetName=GND Pin=Freescale_Processor1-33
Added Pin To Net: NetName=NetC27_2 Pin=Freescale_Processor1-34
Added Pin To Net: NetName=NetFreescale_Processor1_35 Pin=Freescale_Processor1-35
Added Pin To Net: NetName=GND Pin=Freescale_Processor1-36
Added Pin To Net: NetName=NetFreescale_Processor1_37 Pin=Freescale_Processor1-37
Added Pin To Net: NetName=NetFreescale_Processor1_38 Pin=Freescale_Processor1-38
Added Pin To Net: NetName=NetFreescale_Processor1_39 Pin=Freescale_Processor1-39
Added Pin To Net: NetName=NetFreescale_Processor1_40 Pin=Freescale_Processor1-40
Added Pin To Net: NetName=NetFreescale_Processor1_41 Pin=Freescale_Processor1-41
Added Pin To Net: NetName=NetFreescale_Processor1_42 Pin=Freescale_Processor1-42
Added Pin To Net: NetName=NetFreescale_Processor1_43 Pin=Freescale_Processor1-43
Added Pin To Net: NetName=NetFreescale_Processor1_44 Pin=Freescale_Processor1-44
Added Pin To Net: NetName=NetFreescale_Processor1_45 Pin=Freescale_Processor1-45
Added Pin To Net: NetName=NetFreescale_Processor1_46 Pin=Freescale_Processor1-46
Added Pin To Net: NetName=NetFreescale_Processor1_47 Pin=Freescale_Processor1-47
Added Pin To Net: NetName=NetFreescale_Processor1_48 Pin=Freescale_Processor1-48
Added Pin To Net: NetName=NetC21_2 Pin=Freescale_Processor1-49
Added Pin To Net: NetName=GND Pin=Freescale_Processor1-50
Added Pin To Net: NetName=AD0 Pin=Freescale_Processor1-51
Added Pin To Net: NetName=AD1 Pin=Freescale_Processor1-52
Added Pin To Net: NetName=AD2 Pin=Freescale_Processor1-53
Added Pin To Net: NetName=AD3 Pin=Freescale_Processor1-54
Added Pin To Net: NetName=AD4 Pin=Freescale_Processor1-55
Added Pin To Net: NetName=NetFreescale_Processor1_56 Pin=Freescale_Processor1-56
Added Pin To Net: NetName=NetFreescale_Processor1_57 Pin=Freescale_Processor1-57
Added Pin To Net: NetName=NetFreescale_Processor1_58 Pin=Freescale_Processor1-58
Added Pin To Net: NetName=NetFreescale_Processor1_59 Pin=Freescale_Processor1-59
Added Pin To Net: NetName=NetC24_1 Pin=Freescale_Processor1-60
Added Pin To Net: NetName=NetC24_2 Pin=Freescale_Processor1-61
Added Pin To Net: NetName=GND Pin=Freescale_Processor1-62
Added Pin To Net: NetName=RX_RS232 Pin=Freescale_Processor1-63
Added Pin To Net: NetName=TX_RS232 Pin=Freescale_Processor1-64
Added Pin To Net: NetName=I2C_SDA Pin=Freescale_Processor1-65
Added Pin To Net: NetName=I2C_SCL Pin=Freescale_Processor1-66
Added Pin To Net: NetName=NetFreescale_Processor1_67 Pin=Freescale_Processor1-67
Added Pin To Net: NetName=NetFreescale_Processor1_68 Pin=Freescale_Processor1-68
Added Pin To Net: NetName=DAC_CS Pin=Freescale_Processor1-69
Added Pin To Net: NetName=SPI_SCK Pin=Freescale_Processor1-70
Added Pin To Net: NetName=SPI_MOSI Pin=Freescale_Processor1-71
Added Pin To Net: NetName=SPI_SS Pin=Freescale_Processor1-72
Added Pin To Net: NetName=SPI_MISO Pin=Freescale_Processor1-73
Added Pin To Net: NetName=NetCan_Bus1_1 Pin=Freescale_Processor1-74
Added Pin To Net: NetName=NetCan_Bus1_4 Pin=Freescale_Processor1-75
Added Pin To Net: NetName=GND Pin=Freescale_Processor1-76
Added Pin To Net: NetName=NetC22_1 Pin=Freescale_Processor1-77
Added Pin To Net: NetName=NetFreescale_Processor1_78 Pin=Freescale_Processor1-78
Added Pin To Net: NetName=NetFreescale_Processor1_79 Pin=Freescale_Processor1-79
Added Pin To Net: NetName=NetFreescale_Processor1_80 Pin=Freescale_Processor1-80
Added Pin To Net: NetName=GND Pin=HD1-1
Added Pin To Net: NetName=5VD Pin=HD1-2
Added Pin To Net: NetName=NetHD1_3 Pin=HD1-3
Added Pin To Net: NetName=NetFreescale_Processor1_46 Pin=HD1-4
Added Pin To Net: NetName=NetFreescale_Processor1_47 Pin=HD1-5
Added Pin To Net: NetName=NetFreescale_Processor1_45 Pin=HD1-6
Added Pin To Net: NetName=NetHD1_7 Pin=HD1-7
Added Pin To Net: NetName=NetHD1_8 Pin=HD1-8
Added Pin To Net: NetName=NetHD1_9 Pin=HD1-9
Added Pin To Net: NetName=NetHD1_10 Pin=HD1-10
Added Pin To Net: NetName=NetFreescale_Processor1_41 Pin=HD1-11
Added Pin To Net: NetName=NetFreescale_Processor1_42 Pin=HD1-12
Added Pin To Net: NetName=NetFreescale_Processor1_43 Pin=HD1-13
Added Pin To Net: NetName=NetFreescale_Processor1_44 Pin=HD1-14
Added Pin To Net: NetName=NetHD1_15 Pin=HD1-15
Added Pin To Net: NetName=NetHD1_16 Pin=HD1-16
Added Pin To Net: NetName=VIN Pin=Jack_On1-1A
Added Pin To Net: NetName=VIN Pin=Jack_On1-1B
Added Pin To Net: NetName=VIN Pin=Jack_On1-1
Added Pin To Net: NetName=GND Pin=Jack_On1-2A
Added Pin To Net: NetName=GND Pin=Jack_On1-2B
Added Pin To Net: NetName=GND Pin=Jack_On1-2
Added Pin To Net: NetName=NetJack_On1_3 Pin=Jack_On1-3A
Added Pin To Net: NetName=NetJack_On1_3 Pin=Jack_On1-3B
Added Pin To Net: NetName=NetJack_On1_3 Pin=Jack_On1-3
Added Pin To Net: NetName=NetC46_A_1 Pin=L2_A-1
Added Pin To Net: NetName=5VA Pin=L2_A-2
Added Pin To Net: NetName=NetC46_D_1 Pin=L2_D-1
Added Pin To Net: NetName=5VD Pin=L2_D-2
Added Pin To Net: NetName=DAC_CS Pin=MAX1-1
Added Pin To Net: NetName=SPI_SCK Pin=MAX1-2
Added Pin To Net: NetName=SPI_MOSI Pin=MAX1-3
Added Pin To Net: NetName=NetA_Out1_1 Pin=MAX1-4
Added Pin To Net: NetName=NetA_Out1_2 Pin=MAX1-5
Added Pin To Net: NetName=5VD Pin=MAX1-6
Added Pin To Net: NetName=GND Pin=MAX1-7
Added Pin To Net: NetName=NetA_Out1_3 Pin=MAX1-8
Added Pin To Net: NetName=NetC30_2 Pin=MAX2-1
Added Pin To Net: NetName=NetC31_1 Pin=MAX2-2
Added Pin To Net: NetName=NetC30_1 Pin=MAX2-3
Added Pin To Net: NetName=NetC32_2 Pin=MAX2-4
Added Pin To Net: NetName=NetC32_1 Pin=MAX2-5
Added Pin To Net: NetName=NetC33_2 Pin=MAX2-6
Added Pin To Net: NetName=NetMAX2_7 Pin=MAX2-7
Added Pin To Net: NetName=NetMAX2_8 Pin=MAX2-8
Added Pin To Net: NetName=NetCTS_RTS1_2 Pin=MAX2-9
Added Pin To Net: NetName=NetCTS_RTS1_1 Pin=MAX2-10
Added Pin To Net: NetName=TX_RS232 Pin=MAX2-11
Added Pin To Net: NetName=RX_RS232 Pin=MAX2-12
Added Pin To Net: NetName=NetMAX2_13 Pin=MAX2-13
Added Pin To Net: NetName=NetMAX2_14 Pin=MAX2-14
Added Pin To Net: NetName=GND Pin=MAX2-15
Added Pin To Net: NetName=5VD Pin=MAX2-16
Added Pin To Net: NetName=GND Pin=MODE_A_Head1-1
Added Pin To Net: NetName=NetMODE_A_Head1_2 Pin=MODE_A_Head1-2
Added Pin To Net: NetName=5VD Pin=MODE_A_Head1-3
Added Pin To Net: NetName=5VD Pin=MODE_B_Head1-1
Added Pin To Net: NetName=NetMODE_B_Head1_2 Pin=MODE_B_Head1-2
Added Pin To Net: NetName=GND Pin=MODE_B_Head1-3
Added Pin To Net: NetName=GND Pin=P1-1
Added Pin To Net: NetName=NetHD1_3 Pin=P1-2
Added Pin To Net: NetName=5VD Pin=P1-3
Added Pin To Net: NetName=NetD1_K Pin=R1-1
Added Pin To Net: NetName=NetFreescale_Processor1_1 Pin=R1-2
Added Pin To Net: NetName=NetD2_K Pin=R2-1
Added Pin To Net: NetName=NetFreescale_Processor1_4 Pin=R2-2
Added Pin To Net: NetName=NetD3_K Pin=R3-1
Added Pin To Net: NetName=NetFreescale_Processor1_3 Pin=R3-2
Added Pin To Net: NetName=NetD4_K Pin=R4-1
Added Pin To Net: NetName=NetACC1_4 Pin=R4-2
Added Pin To Net: NetName=NetR5_1 Pin=R5-1
Added Pin To Net: NetName=2.5VREF Pin=R5-2
Added Pin To Net: NetName=NetR6_1 Pin=R6-1
Added Pin To Net: NetName=NetR6_2 Pin=R6-2
Added Pin To Net: NetName=NetFreescale_Processor1_56 Pin=R7-1
Added Pin To Net: NetName=NetR5_1 Pin=R7-2
Added Pin To Net: NetName=NetR8_1 Pin=R8-1
Added Pin To Net: NetName=NetR6_1 Pin=R8-2
Added Pin To Net: NetName=NetR6_2 Pin=R9-1
Added Pin To Net: NetName=NetR5_1 Pin=R9-2
Added Pin To Net: NetName=2.5VREF Pin=R10-1
Added Pin To Net: NetName=5VD Pin=R10-2
Added Pin To Net: NetName=GND Pin=R11-1
Added Pin To Net: NetName=2.5VREF Pin=R11-2
Added Pin To Net: NetName=GND Pin=R12-1
Added Pin To Net: NetName=NetCan_Bus1_8 Pin=R12-2
Added Pin To Net: NetName=DAC_CS Pin=R13-1
Added Pin To Net: NetName=5VD Pin=R13-2
Added Pin To Net: NetName=5VD Pin=R14-1
Added Pin To Net: NetName=NetHD1_7 Pin=R14-2
Added Pin To Net: NetName=5VD Pin=R15-1
Added Pin To Net: NetName=NetHD1_8 Pin=R15-2
Added Pin To Net: NetName=5VD Pin=R16-1
Added Pin To Net: NetName=NetHD1_9 Pin=R16-2
Added Pin To Net: NetName=5VD Pin=R17-1
Added Pin To Net: NetName=NetHD1_10 Pin=R17-2
Added Pin To Net: NetName=5VD Pin=R18-1
Added Pin To Net: NetName=NetHD1_15 Pin=R18-2
Added Pin To Net: NetName=NetR19_1 Pin=R19-1
Added Pin To Net: NetName=NetFreescale_Processor1_48 Pin=R19-2
Added Pin To Net: NetName=NetC10_2 Pin=R20-1
Added Pin To Net: NetName=XFC Pin=R20-2
Added Pin To Net: NetName=NetFreescale_Processor1_24 Pin=R21-1
Added Pin To Net: NetName=GND Pin=R21-2
Added Pin To Net: NetName=NetC28_2 Pin=R22-1
Added Pin To Net: NetName=NetC27_2 Pin=R22-2
Added Pin To Net: NetName=NetFreescale_Processor1_35 Pin=R23-1
Added Pin To Net: NetName=NetC28_2 Pin=R23-2
Added Pin To Net: NetName=NetBDM_PORT1_1 Pin=R24-1
Added Pin To Net: NetName=5VD Pin=R24-2
Added Pin To Net: NetName=NetBDM_PORT1_4 Pin=R25-1
Added Pin To Net: NetName=5VD Pin=R25-2
Added Pin To Net: NetName=SPI_MISO Pin=R26-1
Added Pin To Net: NetName=5VD Pin=R26-2
Added Pin To Net: NetName=SPI_SS Pin=R27-1
Added Pin To Net: NetName=5VD Pin=R27-2
Added Pin To Net: NetName=SPI_MOSI Pin=R28-1
Added Pin To Net: NetName=5VD Pin=R28-2
Added Pin To Net: NetName=MODB Pin=R31-1
Added Pin To Net: NetName=NetMODE_B_Head1_2 Pin=R31-2
Added Pin To Net: NetName=GND Pin=R32-1
Added Pin To Net: NetName=SPI_SCK Pin=R32-2
Added Pin To Net: NetName=SPI_SCK Pin=R33-1
Added Pin To Net: NetName=VCC Pin=R33-2
Added Pin To Net: NetName=MODA Pin=R34-1
Added Pin To Net: NetName=NetMODE_A_Head1_2 Pin=R34-2
Added Pin To Net: NetName=NetD6_1 Pin=R35-1
Added Pin To Net: NetName=5VD Pin=R35-2
Added Pin To Net: NetName=TX_RS232 Pin=R36-1
Added Pin To Net: NetName=GND Pin=R37-1
Added Pin To Net: NetName=NetCTS_RTS1_2 Pin=R37-2
Added Pin To Net: NetName=RX_RS232 Pin=R38-2
Added Pin To Net: NetName=NetD7_1 Pin=R39-1
Added Pin To Net: NetName=5VD Pin=R39-2
Added Pin To Net: NetName=GND Pin=R40-1
Added Pin To Net: NetName=NetFreescale_Processor1_11 Pin=R40-2
Added Pin To Net: NetName=GND Pin=R41-1
Added Pin To Net: NetName=NetFreescale_Processor1_13 Pin=R41-2
Added Pin To Net: NetName=GND Pin=R42-1
Added Pin To Net: NetName=NetFreescale_Processor1_12 Pin=R42-2
Added Pin To Net: NetName=GND Pin=R43-1
Added Pin To Net: NetName=NetFreescale_Processor1_14 Pin=R43-2
Added Pin To Net: NetName=5VA Pin=R44-1
Added Pin To Net: NetName=GND Pin=R44-2
Added Pin To Net: NetName=5VA Pin=R45-1
Added Pin To Net: NetName=GND Pin=R45-2
Added Pin To Net: NetName=NetC34_1 Pin=R46-1
Added Pin To Net: NetName=I2C_SCL Pin=R46-2
Added Pin To Net: NetName=NetC37_2 Pin=R47-1
Added Pin To Net: NetName=I2C_SDA Pin=R47-2
Added Pin To Net: NetName=5VA Pin=R48-1
Added Pin To Net: NetName=NetC38_2 Pin=R48-2
Added Pin To Net: NetName=5VA Pin=R49-1
Added Pin To Net: NetName=NetC39_2 Pin=R49-2
Added Pin To Net: NetName=NetC40_1 Pin=R50-1
Added Pin To Net: NetName=5VA Pin=R50-2
Added Pin To Net: NetName=NetC41_1 Pin=R51-1
Added Pin To Net: NetName=5VA Pin=R51-2
Added Pin To Net: NetName=GND Pin=R52-1
Added Pin To Net: NetName=GND Pin=R53-1
Added Pin To Net: NetName=GND Pin=R54_A-2
Added Pin To Net: NetName=GND Pin=R54_D-2
Added Pin To Net: NetName=5VA Pin=R55_A-2
Added Pin To Net: NetName=5VD Pin=R55_D-2
Added Pin To Net: NetName=GND Pin=R56_A-1
Added Pin To Net: NetName=GND Pin=R56_D-1
Added Pin To Net: NetName=NetCan_Bus1_7 Pin=R_ICANH1-1
Added Pin To Net: NetName=NetC9_1 Pin=R_ICANH1-2
Added Pin To Net: NetName=NetCan_Bus1_6 Pin=R_ICANL1-1
Added Pin To Net: NetName=NetC8_1 Pin=R_ICANL1-2
Added Pin To Net: NetName=NetFreescale_Processor1_79 Pin=RC_R1-1
Added Pin To Net: NetName=NetRC_R1_2 Pin=RC_R1-2
Added Pin To Net: NetName=NetFreescale_Processor1_80 Pin=RC_R2-1
Added Pin To Net: NetName=NetRC_R2_2 Pin=RC_R2-2
Added Pin To Net: NetName=NetRC_R1_2 Pin=RC_T1-1
Added Pin To Net: NetName=5VA Pin=RC_T1-3
Added Pin To Net: NetName=NetRC_R2_2 Pin=RC_T2-1
Added Pin To Net: NetName=5VA Pin=RC_T2-3
Added Pin To Net: NetName=NetRp1_2 Pin=Rp1-2
Added Pin To Net: NetName=NetRS1_1 Pin=RS1-1
Added Pin To Net: NetName=NetMAX2_14 Pin=RS1-2
Added Pin To Net: NetName=NetMAX2_13 Pin=RS1-3
Added Pin To Net: NetName=NetRS1_1 Pin=RS1-4
Added Pin To Net: NetName=GND Pin=RS1-5
Added Pin To Net: NetName=NetRS1_1 Pin=RS1-6
Added Pin To Net: NetName=NetMAX2_8 Pin=RS1-7
Added Pin To Net: NetName=NetMAX2_7 Pin=RS1-8
Added Pin To Net: NetName=NetC40_1 Pin=Schmitt_Trigger1-1
Added Pin To Net: NetName=NetFreescale_Processor1_5 Pin=Schmitt_Trigger1-2
Added Pin To Net: NetName=GND Pin=Schmitt_Trigger1-7
Added Pin To Net: NetName=5VA Pin=Schmitt_Trigger1-14
Added Pin To Net: NetName=DAC_CS Pin=Slave_Select1-1
Added Pin To Net: NetName=NetFreescale_Processor1_68 Pin=Slave_Select1-2
Added Pin To Net: NetName=5VA Pin=SM_H1-1
Added Pin To Net: NetName=NetFreescale_Processor1_11 Pin=SM_H1-2
Added Pin To Net: NetName=NetSM_H1_3 Pin=SM_H1-3
Added Pin To Net: NetName=GND Pin=SM_H1-4
Added Pin To Net: NetName=GND Pin=SM_H1-5
Added Pin To Net: NetName=GND Pin=SM_H1-6
Added Pin To Net: NetName=GND Pin=SM_H1-7
Added Pin To Net: NetName=NetSM_H1_8 Pin=SM_H1-8
Added Pin To Net: NetName=NetFreescale_Processor1_12 Pin=SM_H1-9
Added Pin To Net: NetName=VIN Pin=SM_H1-10
Added Pin To Net: NetName=5VA Pin=SM_H1-11
Added Pin To Net: NetName=NetFreescale_Processor1_13 Pin=SM_H1-12
Added Pin To Net: NetName=NetSM_H1_13 Pin=SM_H1-13
Added Pin To Net: NetName=GND Pin=SM_H1-14
Added Pin To Net: NetName=GND Pin=SM_H1-15
Added Pin To Net: NetName=GND Pin=SM_H1-16
Added Pin To Net: NetName=GND Pin=SM_H1-17
Added Pin To Net: NetName=NetSM_H1_18 Pin=SM_H1-18
Added Pin To Net: NetName=NetFreescale_Processor1_14 Pin=SM_H1-19
Added Pin To Net: NetName=5VA Pin=SM_H1-20
Added Pin To Net: NetName=NetC46_A_2 Pin=SMPS-A1_A-1
Added Pin To Net: NetName=GND Pin=SMPS-A1_A-6
Added Pin To Net: NetName=VIN Pin=SMPS-A1_A-7
Added Pin To Net: NetName=NetC46_A_1 Pin=SMPS-A1_A-8
Added Pin To Net: NetName=GND Pin=SMPS-A1_A-9
Added Pin To Net: NetName=NetC46_D_2 Pin=SMPS-A1_D-1
Added Pin To Net: NetName=GND Pin=SMPS-A1_D-6
Added Pin To Net: NetName=VIN Pin=SMPS-A1_D-7
Added Pin To Net: NetName=NetC46_D_1 Pin=SMPS-A1_D-8
Added Pin To Net: NetName=GND Pin=SMPS-A1_D-9
Added Pin To Net: NetName=SPI_SS Pin=SPI_OUT1-1
Added Pin To Net: NetName=SPI_MOSI Pin=SPI_OUT1-2
Added Pin To Net: NetName=SPI_MISO Pin=SPI_OUT1-3
Added Pin To Net: NetName=SPI_SCK Pin=SPI_OUT1-4
Added Pin To Net: NetName=NetSM_H1_3 Pin=StepperMotor1-1
Added Pin To Net: NetName=NetSM_H1_8 Pin=StepperMotor1-2
Added Pin To Net: NetName=NetSM_H1_13 Pin=StepperMotor1-3
Added Pin To Net: NetName=NetSM_H1_18 Pin=StepperMotor1-4
Added Pin To Net: NetName=NetR19_1 Pin=T1-1
Added Pin To Net: NetName=GND Pin=T1-2
Added Pin To Net: NetName=NetHD1_16 Pin=T1-3
Added Pin To Net: NetName=GND Pin=T2-2
Added Pin To Net: NetName=GND Pin=T3-2
Added Pin To Net: NetName=3.3VD Pin=U1-2
Added Pin To Net: NetName=NetD3_K Pin=U1-3
Added Pin To Net: NetName=NetD2_K Pin=U1-4
Added Pin To Net: NetName=GND Pin=U1-5
Added Pin To Net: NetName=NetD1_K Pin=U1-6
Added Pin To Net: NetName=NetACC1_3 Pin=U1-7
Added Pin To Net: NetName=NetACC1_2 Pin=U1-8
Added Pin To Net: NetName=NetACC1_1 Pin=U1-9
Added Pin To Net: NetName=GND Pin=U1-10
Added Pin To Net: NetName=NetR8_1 Pin=U1-11
Added Pin To Net: NetName=NetD4_K Pin=U1-12
Added Pin To Net: NetName=3.3VD Pin=U1-13
Added Pin To Net: NetName=3.3VD Pin=U1-14
Added Pin To Net: NetName=NetR6_2 Pin=U2-1
Added Pin To Net: NetName=NetR6_1 Pin=U2-2
Added Pin To Net: NetName=2.5VREF Pin=U2-3
Added Pin To Net: NetName=5VD Pin=U2-4
Added Pin To Net: NetName=2.5VREF Pin=U2-5
Added Pin To Net: NetName=NetR5_1 Pin=U2-6
Added Pin To Net: NetName=NetFreescale_Processor1_56 Pin=U2-7
Added Pin To Net: NetName=GND Pin=U2-11
Added Pin To Net: NetName=GND Pin=U4-1
Added Pin To Net: NetName=VIN Pin=U4-2
Added Pin To Net: NetName=NetDCMotor1_3 Pin=U4-3
Added Pin To Net: NetName=NetU4_4 Pin=U4-4
Added Pin To Net: NetName=NetC34_1 Pin=U4-5
Added Pin To Net: NetName=NetFreescale_Processor1_16 Pin=U4-6
Added Pin To Net: NetName=NetFreescale_Processor1_18 Pin=U4-7
Added Pin To Net: NetName=GND Pin=U4-8
Added Pin To Net: NetName=NetDCMotor1_1 Pin=U4-9
Added Pin To Net: NetName=GND Pin=U4-10
Added Pin To Net: NetName=GND Pin=U4-11
Added Pin To Net: NetName=NetDCMotor1_2 Pin=U4-12
Added Pin To Net: NetName=GND Pin=U4-13
Added Pin To Net: NetName=NetFreescale_Processor1_17 Pin=U4-14
Added Pin To Net: NetName=NetFreescale_Processor1_19 Pin=U4-15
Added Pin To Net: NetName=NetC37_2 Pin=U4-16
Added Pin To Net: NetName=NetCBoot1_2 Pin=U4-17
Added Pin To Net: NetName=NetDCMotor1_4 Pin=U4-18
Added Pin To Net: NetName=VIN Pin=U4-19
Added Pin To Net: NetName=GND Pin=U4-20
Added Pin To Net: NetName=NetC41_1 Pin=U5-3
Added Pin To Net: NetName=NetFreescale_Processor1_6 Pin=U5-4
Added Pin To Net: NetName=5VA Pin=VCC_Filter1-1
Added Pin To Net: NetName=GND Pin=VCC_Filter1-2
Added Pin To Net: NetName=NetRp1_2 Pin=VCP1-1
Added Pin To Net: NetName=NetU4_4 Pin=VCP1-2
Added Pin To Net: NetName=5VD Pin=VRH_EN1-1
Added Pin To Net: NetName=NetC24_1 Pin=VRH_EN1-2
Added Pin To Net: NetName=NetC24_2 Pin=VRL_EN1-1
Added Pin To Net: NetName=NetD6_2 Pin=D6-2
Added Pin To Net: NetName=NetD6_2 Pin=T2-3
Added Net: Name=NetD6_2
Added Pin To Net: NetName=NetD7_2 Pin=D7-2
Added Pin To Net: NetName=NetD7_2 Pin=T3-3
Added Net: Name=NetD7_2
Added Pin To Net: NetName=NetD8_K Pin=D8-K
Added Pin To Net: NetName=NetD8_K Pin=D9-A
Added Pin To Net: NetName=NetD8_K Pin=Rp1-1
Added Net: Name=NetD8_K
Added Pin To Net: NetName=NetR36_2 Pin=R36-2
Added Pin To Net: NetName=NetR36_2 Pin=T2-1
Added Net: Name=NetR36_2
Added Pin To Net: NetName=NetR38_1 Pin=R38-1
Added Pin To Net: NetName=NetR38_1 Pin=T3-1
Added Net: Name=NetR38_1
Added Pin To Net: NetName=NetR52_2 Pin=R52-2
Added Pin To Net: NetName=NetR52_2 Pin=RC_T1-2
Added Pin To Net: NetName=NetR52_2 Pin=ServoMotor1-1
Added Net: Name=NetR52_2
Added Pin To Net: NetName=NetR53_2 Pin=R53-2
Added Pin To Net: NetName=NetR53_2 Pin=RC_T2-2
Added Pin To Net: NetName=NetR53_2 Pin=ServoMotor1-2
Added Net: Name=NetR53_2
Added Pin To Net: NetName=NetR54_A_1 Pin=R54_A-1
Added Pin To Net: NetName=NetR54_A_1 Pin=R55_A-1
Added Pin To Net: NetName=NetR54_A_1 Pin=SMPS-A1_A-4
Added Net: Name=NetR54_A_1
Added Pin To Net: NetName=NetR54_D_1 Pin=R54_D-1
Added Pin To Net: NetName=NetR54_D_1 Pin=R55_D-1
Added Pin To Net: NetName=NetR54_D_1 Pin=SMPS-A1_D-4
Added Net: Name=NetR54_D_1
Added Pin To Net: NetName=NetR56_A_2 Pin=R56_A-2
Added Pin To Net: NetName=NetR56_A_2 Pin=SMPS-A1_A-5
Added Net: Name=NetR56_A_2
Added Pin To Net: NetName=NetR56_D_2 Pin=R56_D-2
Added Pin To Net: NetName=NetR56_D_2 Pin=SMPS-A1_D-5
Added Net: Name=NetR56_D_2
Added Member To Class: ClassName=Project_Board Member=Component A_Out1 Header 3
Added Member To Class: ClassName=Project_Board Member=Component ACC1 Header 4
Added Member To Class: ClassName=ili9327 LCD Member=Component AR_AD2 Header 6
Added Member To Class: ClassName=ili9327 LCD Member=Component AR_DIG3 Header 10
Added Member To Class: ClassName=ili9327 LCD Member=Component AR_DIG4 Header 8
Added Member To Class: ClassName=ili9327 LCD Member=Component AR_PWR2 Header 8
Added Member To Class: ClassName=MC9S12 Member=Component BDM_PORT1 CON6
Added Member To Class: ClassName=Accelerometer Member=Component C1 Cap
Added Member To Class: ClassName=Accelerometer Member=Component C2 Cap
Added Member To Class: ClassName=Accelerometer Member=Component C3 Cap
Added Member To Class: ClassName=Accelerometer Member=Component C4 Cap
Added Member To Class: ClassName=Accelerometer Member=Component C5 p
Added Member To Class: ClassName=Accelerometer Member=Component C6 p
Added Member To Class: ClassName=Accelerometer Member=Component C7 p
Added Member To Class: ClassName=CanBus Member=Component C8 Cap
Added Member To Class: ClassName=CanBus Member=Component C9 Cap
Added Member To Class: ClassName=MC9S12 Member=Component C10 p
Added Member To Class: ClassName=MC9S12 Member=Component C11 Cap
Added Member To Class: ClassName=MC9S12 Member=Component C12 Cap
Added Member To Class: ClassName=MC9S12 Member=Component C13 Cap
Added Member To Class: ClassName=MC9S12 Member=Component C14 Cap
Added Member To Class: ClassName=MC9S12 Member=Component C15 Cap
Added Member To Class: ClassName=MC9S12 Member=Component C16 Cap
Added Member To Class: ClassName=MC9S12 Member=Component C17 ap
Added Member To Class: ClassName=MC9S12 Member=Component C18 p
Added Member To Class: ClassName=MC9S12 Member=Component C19 Cap
Added Member To Class: ClassName=MC9S12 Member=Component C20 Cap Pol
Added Member To Class: ClassName=MC9S12 Member=Component C21 Cap
Added Member To Class: ClassName=MC9S12 Member=Component C22 Cap Pol
Added Member To Class: ClassName=MC9S12 Member=Component C23 Cap
Added Member To Class: ClassName=MC9S12 Member=Component C24 Cap
Added Member To Class: ClassName=MC9S12 Member=Component C25 Cap Pol
Added Member To Class: ClassName=MC9S12 Member=Component C26 Cap
Added Member To Class: ClassName=MC9S12 Member=Component C27 Cap
Added Member To Class: ClassName=MC9S12 Member=Component C28 Cap
Added Member To Class: ClassName=RS232 Member=Component C29 Cap
Added Member To Class: ClassName=RS232 Member=Component C30 Cap
Added Member To Class: ClassName=RS232 Member=Component C31 Cap
Added Member To Class: ClassName=RS232 Member=Component C32 Cap
Added Member To Class: ClassName=RS232 Member=Component C33 Cap
Added Member To Class: ClassName=DC_Motor Member=Component C34 Cap
Added Member To Class: ClassName=DC_Motor Member=Component C35 Cap Pol
Added Member To Class: ClassName=DC_Motor Member=Component C36 Cap
Added Member To Class: ClassName=DC_Motor Member=Component C37 Cap
Added Member To Class: ClassName=DC_Motor Member=Component C38 Cap
Added Member To Class: ClassName=DC_Motor Member=Component C39 C1
Added Member To Class: ClassName=DC_Motor Member=Component C40 Cap
Added Member To Class: ClassName=DC_Motor Member=Component C41 Cap
Added Member To Class: ClassName=3.3V_Reg Member=Component C42 Cap-10v-A
Added Member To Class: ClassName=3.3V_Reg Member=Component C43 Cap-10v-A
Added Member To Class: ClassName=A Member=Component C44_A (C44) Cap-100V
Added Member To Class: ClassName=D Member=Component C44_D (C44) Cap-100V
Added Member To Class: ClassName=A Member=Component C45_A (C45) Cap
Added Member To Class: ClassName=D Member=Component C45_D (C45) Cap
Added Member To Class: ClassName=A Member=Component C46_A (C46) Cap
Added Member To Class: ClassName=D Member=Component C46_D (C46) Cap
Added Member To Class: ClassName=A Member=Component C47_A (C47) Cap-10v-A
Added Member To Class: ClassName=D Member=Component C47_D (C47) Cap-10v-A
Added Member To Class: ClassName=CanBus Member=Component Can_Bus1 MCP2551
Added Member To Class: ClassName=Project_Board Member=Component CanBus1 Header 3
Added Member To Class: ClassName=DC_Motor Member=Component CBoot1 Cap
Added Member To Class: ClassName=Accelerometer Member=Component CFil_1 Cap
Added Member To Class: ClassName=Accelerometer Member=Component CFil_2 Cap
Added Member To Class: ClassName=Project_Board Member=Component CTS_RTS1 Header 2
Added Member To Class: ClassName=Accelerometer Member=Component D1 MM3Z3V3ST1G
Added Member To Class: ClassName=Accelerometer Member=Component D2 MM3Z3V3ST1G
Added Member To Class: ClassName=Accelerometer Member=Component D3 MM3Z3V3ST1G
Added Member To Class: ClassName=Accelerometer Member=Component D4 MM3Z3V3ST1G
Added Member To Class: ClassName=MC9S12 Member=Component D5 1N4148
Added Member To Class: ClassName=RS232 Member=Component D6 LED2
Added Member To Class: ClassName=RS232 Member=Component D7 LED2
Added Member To Class: ClassName=DC_Motor Member=Component D8 Diode 1N4148
Added Member To Class: ClassName=DC_Motor Member=Component D9 Diode 1N4148
Added Member To Class: ClassName=A Member=Component D10_A (D10) DIODE SCHOTTKY 40V 2A SMA
Added Member To Class: ClassName=D Member=Component D10_D (D10) DIODE SCHOTTKY 40V 2A SMA
Added Member To Class: ClassName=Project_Board Member=Component DCMotor1 DC_M
Added Member To Class: ClassName=Project_Board Member=Component ENC_A1 En_H
Added Member To Class: ClassName=Project_Board Member=Component ENC_B1 En_H
Added Member To Class: ClassName=MC9S12 Member=Component Freescale_Processor1 MC9S12C128MFUE
Added Member To Class: ClassName=HD44780_LCD Member=Component HD1 Header16_LCD
Added Member To Class: ClassName=Connectors Member=Component Jack_On1 PWR2.5
Added Member To Class: ClassName=A Member=Component L2_A (L2) SRN8040-33uH
Added Member To Class: ClassName=D Member=Component L2_D (L2) SRN8040-33uH
Added Member To Class: ClassName=DAC Member=Component MAX1 IC DAC 8BIT DUAL VOUT 8-UMAX
Added Member To Class: ClassName=RS232 Member=Component MAX2 MAX3232CSE
Added Member To Class: ClassName=MC9S12 Member=Component MODE_A_Head1 Header 3
Added Member To Class: ClassName=MC9S12 Member=Component MODE_B_Head1 Header 3
Added Member To Class: ClassName=HD44780_LCD Member=Component P1 RPot
Added Member To Class: ClassName=Accelerometer Member=Component R1 Res3
Added Member To Class: ClassName=Accelerometer Member=Component R2 Res3
Added Member To Class: ClassName=Accelerometer Member=Component R3 Res3
Added Member To Class: ClassName=Accelerometer Member=Component R4 Res3
Added Member To Class: ClassName=Accelerometer Member=Component R5 Res3
Added Member To Class: ClassName=Accelerometer Member=Component R6 Res3
Added Member To Class: ClassName=Accelerometer Member=Component R7 Res3
Added Member To Class: ClassName=Accelerometer Member=Component R8 Res3
Added Member To Class: ClassName=Accelerometer Member=Component R9 Res3
Added Member To Class: ClassName=Accelerometer Member=Component R10 Res3
Added Member To Class: ClassName=Accelerometer Member=Component R11 Res3
Added Member To Class: ClassName=CanBus Member=Component R12 Res3
Added Member To Class: ClassName=DAC Member=Component R13 Res3
Added Member To Class: ClassName=HD44780_LCD Member=Component R14 Res3
Added Member To Class: ClassName=HD44780_LCD Member=Component R15 Res3
Added Member To Class: ClassName=HD44780_LCD Member=Component R16 Res3
Added Member To Class: ClassName=HD44780_LCD Member=Component R17 Res3
Added Member To Class: ClassName=HD44780_LCD Member=Component R18 Res3
Added Member To Class: ClassName=HD44780_LCD Member=Component R19 Res3
Added Member To Class: ClassName=MC9S12 Member=Component R20 Res3
Added Member To Class: ClassName=MC9S12 Member=Component R21 Res3
Added Member To Class: ClassName=MC9S12 Member=Component R22 Res3
Added Member To Class: ClassName=MC9S12 Member=Component R23 Res3
Added Member To Class: ClassName=MC9S12 Member=Component R24 Res3
Added Member To Class: ClassName=MC9S12 Member=Component R25 Res3
Added Member To Class: ClassName=MC9S12 Member=Component R26 Res3
Added Member To Class: ClassName=MC9S12 Member=Component R27 Res3
Added Member To Class: ClassName=MC9S12 Member=Component R28 Res3
Added Member To Class: ClassName=MC9S12 Member=Component R31 Res3
Added Member To Class: ClassName=MC9S12 Member=Component R32 Res3
Added Member To Class: ClassName=MC9S12 Member=Component R33 Res3
Added Member To Class: ClassName=MC9S12 Member=Component R34 Res3
Added Member To Class: ClassName=RS232 Member=Component R35 Res3
Added Member To Class: ClassName=RS232 Member=Component R36 Res3
Added Member To Class: ClassName=RS232 Member=Component R37 Res3
Added Member To Class: ClassName=RS232 Member=Component R38 Res3
Added Member To Class: ClassName=RS232 Member=Component R39 Res3
Added Member To Class: ClassName=Stepper_Motor Member=Component R40 Res3
Added Member To Class: ClassName=Stepper_Motor Member=Component R41 Res3
Added Member To Class: ClassName=Stepper_Motor Member=Component R42 Res3
Added Member To Class: ClassName=Stepper_Motor Member=Component R43 Res3
Added Member To Class: ClassName=Stepper_Motor Member=Component R44 Res3
Added Member To Class: ClassName=Stepper_Motor Member=Component R45 Res3
Added Member To Class: ClassName=DC_Motor Member=Component R46 Res3
Added Member To Class: ClassName=DC_Motor Member=Component R47 Res3
Added Member To Class: ClassName=DC_Motor Member=Component R48 Res3
Added Member To Class: ClassName=DC_Motor Member=Component R49 Res3
Added Member To Class: ClassName=DC_Motor Member=Component R50 Res3
Added Member To Class: ClassName=DC_Motor Member=Component R51 Res3
Added Member To Class: ClassName=RC_PWM Member=Component R52 Res3
Added Member To Class: ClassName=RC_PWM Member=Component R53 R2_B
Added Member To Class: ClassName=A Member=Component R54_A (R54) RFb1
Added Member To Class: ClassName=D Member=Component R54_D (R54) RFb1
Added Member To Class: ClassName=A Member=Component R55_A (R55) Res3
Added Member To Class: ClassName=D Member=Component R55_D (R55) Res3
Added Member To Class: ClassName=A Member=Component R56_A (R56) Res3
Added Member To Class: ClassName=D Member=Component R56_D (R56) Res3
Added Member To Class: ClassName=CanBus Member=Component R_ICANH1 Res3
Added Member To Class: ClassName=CanBus Member=Component R_ICANL1 Res3
Added Member To Class: ClassName=RC_PWM Member=Component RC_R1 Res3
Added Member To Class: ClassName=RC_PWM Member=Component RC_R2 Res3
Added Member To Class: ClassName=RC_PWM Member=Component RC_T1 BC846B
Added Member To Class: ClassName=RC_PWM Member=Component RC_T2 BC846B
Added Member To Class: ClassName=DC_Motor Member=Component Rp1 Res3
Added Member To Class: ClassName=RS232 Member=Component RS1 D Connector 9
Added Member To Class: ClassName=DC_Motor Member=Component Schmitt_Trigger1 74ACT14_3
Added Member To Class: ClassName=Project_Board Member=Component ServoMotor1 Header 2
Added Member To Class: ClassName=Project_Board Member=Component Slave_Select1 Header 2
Added Member To Class: ClassName=Stepper_Motor Member=Component SM_H1 L293DD
Added Member To Class: ClassName=A Member=Component SMPS-A1_A (SMPS-A1) LM22675MR-ADJ/NOPB
Added Member To Class: ClassName=D Member=Component SMPS-A1_D (SMPS-A1) LM22675MR-ADJ/NOPB
Added Member To Class: ClassName=Project_Board Member=Component SPI_OUT1 Header 4
Added Member To Class: ClassName=Project_Board Member=Component StepperMotor1 Header 4
Added Member To Class: ClassName=HD44780_LCD Member=Component T1 BC846B
Added Member To Class: ClassName=RS232 Member=Component T2 BC846B
Added Member To Class: ClassName=RS232 Member=Component T3 BC846B
Added Member To Class: ClassName=Accelerometer Member=Component U1 LIS352ARTR
Added Member To Class: ClassName=Accelerometer Member=Component U2 LMC6484_0
Added Member To Class: ClassName=DC_Motor Member=Component U4 L6225
Added Member To Class: ClassName=DC_Motor Member=Component U5 74ACT14_3
Added Member To Class: ClassName=Stepper_Motor Member=Component VCC_Filter1 Cap-10v-A
Added Member To Class: ClassName=DC_Motor Member=Component VCP1 Cap
Added Member To Class: ClassName=MC9S12 Member=Component VRH_EN1 eader 2
Added Member To Class: ClassName=MC9S12 Member=Component VRL_EN1 Header 2
